
{"timestamp":1618842253556,"level":"ALL","message":"04-19 11:24:13.223  4942  4966 I appium  : channel read: POST /wd/hub/session/d1f5a7c3-342c-4232-a5d7-45f95e7c7cca/elements"}
{"timestamp":1618842253556,"level":"ALL","message":"04-19 11:24:13.224  4942  4966 I appium  : FindElements command"}
{"timestamp":1618842253558,"level":"ALL","message":"04-19 11:24:13.224  4942  4966 I appium  : method: 'class name', selector: 'android.widget.Button', contextId: ''"}
{"timestamp":1618842253559,"level":"ALL","message":"04-19 11:24:13.225  4942  4966 I appium  : Waiting up to 10000ms for the device to idle"}
{"timestamp":1618842253566,"level":"ALL","message":"04-19 11:24:13.233  4942  4966 I appium  : AppiumResponse: {\"sessionId\":\"d1f5a7c3-342c-4232-a5d7-45f95e7c7cca\",\"value\":[{\"ELEMENT\":\"4c35e753-d41a-4145-bc1e-af6e7ede5be5\",\"element-6066-11e4-a52e-4f735466cecf\":\"4c35e753-d41a-4145-bc1e-af6e7ede5be5\"}]}"}
{"timestamp":1618842253582,"level":"ALL","message":"04-19 11:24:13.250  4942  4966 I appium  : channel read: POST /wd/hub/session/d1f5a7c3-342c-4232-a5d7-45f95e7c7cca/elements"}
{"timestamp":1618842253584,"level":"ALL","message":"04-19 11:24:13.251  4942  4966 I appium  : FindElements command"}
{"timestamp":1618842253584,"level":"ALL","message":"04-19 11:24:13.252  4942  4966 I appium  : method: 'class name', selector: 'android.widget.Button', contextId: ''"}
{"timestamp":1618842253586,"level":"ALL","message":"04-19 11:24:13.252  4942  4966 I appium  : Waiting up to 10000ms for the device to idle"}
{"timestamp":1618842253591,"level":"ALL","message":"04-19 11:24:13.259  4942  4966 I appium  : AppiumResponse: {\"sessionId\":\"d1f5a7c3-342c-4232-a5d7-45f95e7c7cca\",\"value\":[{\"ELEMENT\":\"c5aa6530-ae99-4dde-9d3a-76749c1e4069\",\"element-6066-11e4-a52e-4f735466cecf\":\"c5aa6530-ae99-4dde-9d3a-76749c1e4069\"}]}"}
{"timestamp":1618842253603,"level":"ALL","message":"04-19 11:24:13.270  4942  4966 I appium  : channel read: POST /wd/hub/session/d1f5a7c3-342c-4232-a5d7-45f95e7c7cca/element/c5aa6530-ae99-4dde-9d3a-76749c1e4069/click"}
{"timestamp":1618842253603,"level":"ALL","message":"04-19 11:24:13.271  4942  4966 I appium  : Click command"}
{"timestamp":1618842253674,"level":"ALL","message":"04-19 11:24:13.342  4942  4966 I appium  : Waiting up to 10000ms for the device to idle"}
{"timestamp":1618842253676,"level":"ALL","message":"04-19 11:24:13.343  4942  4966 I appium  : AppiumResponse: {\"sessionId\":\"d1f5a7c3-342c-4232-a5d7-45f95e7c7cca\",\"value\":null}"}
{"timestamp":1618842253685,"level":"ALL","message":"04-19 11:24:13.353  4942  4966 I appium  : channel read: POST /wd/hub/session/d1f5a7c3-342c-4232-a5d7-45f95e7c7cca/elements"}
{"timestamp":1618842253686,"level":"ALL","message":"04-19 11:24:13.353  4942  4966 I appium  : FindElements command"}
{"timestamp":1618842253688,"level":"ALL","message":"04-19 11:24:13.354  4942  4966 I appium  : method: 'xpath', selector: '//*[contains(translate(@content-desc,'ABCDEFGHIJKLMNOPQRSTUVWXYZ','abcdefghijklmnopqrstuvwxyz'),' taps left') or contains(translate(@resource-id,'ABCDEFGHIJKLMNOPQRSTUVWXYZ','abcdefghijklmnopqrstuvwxyz'),' taps left') or contains(translate(@text,'ABCDEFGHIJKLMNOPQRSTUVWXYZ','abcdefghijklmnopqrstuvwxyz'),' taps left')]', contextId: ''"}
{"timestamp":1618842253688,"level":"ALL","message":"04-19 11:24:13.355  4942  4966 I appium  : Waiting up to 10000ms for the device to idle"}
{"timestamp":1618842253688,"level":"ALL","message":"04-19 11:24:13.356  4942  4966 I appium  : The following attributes will be included to the page source: [content-desc, resource-id, text]"}
{"timestamp":1618842253732,"level":"ALL","message":"04-19 11:24:13.399  4942  4966 I appium  : Took 3ms to retrieve 0 matches for '//*[contains(translate(@content-desc,'ABCDEFGHIJKLMNOPQRSTUVWXYZ','abcdefghijklmnopqrstuvwxyz'),' taps left') or contains(translate(@resource-id,'ABCDEFGHIJKLMNOPQRSTUVWXYZ','abcdefghijklmnopqrstuvwxyz'),' taps left') or contains(translate(@text,'ABCDEFGHIJKLMNOPQRSTUVWXYZ','abcdefghijklmnopqrstuvwxyz'),' taps left')]' XPath query"}
{"timestamp":1618842253734,"level":"ALL","message":"04-19 11:24:13.400  4942  4966 I appium  : AppiumResponse: {\"sessionId\":\"d1f5a7c3-342c-4232-a5d7-45f95e7c7cca\",\"value\":[]}"}
{"timestamp":1618842253790,"level":"ALL","message":"04-19 11:24:13.458  4981  5004 D EGL_emulation: eglMakeCurrent: 0x90d386e0: ver 3 0 (tinfo 0x90d14d60)"}
{"timestamp":1618842253842,"level":"ALL","message":"04-19 11:24:13.509  4981  5004 D EGL_emulation: eglMakeCurrent: 0x90d386e0: ver 3 0 (tinfo 0x90d14d60)"}
{"timestamp":1618842253866,"level":"ALL","message":"04-19 11:24:13.532  1428  1450 W audio_hw_generic: Not supplying enough data to HAL, expected position 107 , only wrote 0"}
{"timestamp":1618842253946,"level":"ALL","message":"04-19 11:24:13.614  4942  4966 I appium  : channel read: POST /wd/hub/session/d1f5a7c3-342c-4232-a5d7-45f95e7c7cca/elements"}
{"timestamp":1618842253948,"level":"ALL","message":"04-19 11:24:13.614  4942  4966 I appium  : FindElements command"}
{"timestamp":1618842253949,"level":"ALL","message":"04-19 11:24:13.615  4942  4966 I appium  : method: 'xpath', selector: '//*[contains(translate(@content-desc,'ABCDEFGHIJKLMNOPQRSTUVWXYZ','abcdefghijklmnopqrstuvwxyz'),' taps left') or contains(translate(@resource-id,'ABCDEFGHIJKLMNOPQRSTUVWXYZ','abcdefghijklmnopqrstuvwxyz'),' taps left') or contains(translate(@text,'ABCDEFGHIJKLMNOPQRSTUVWXYZ','abcdefghijklmnopqrstuvwxyz'),' taps left')]', contextId: ''"}
{"timestamp":1618842253949,"level":"ALL","message":"04-19 11:24:13.615  4942  4966 I appium  : Waiting up to 10000ms for the device to idle"}
{"timestamp":1618842254380,"level":"ALL","message":"04-19 11:24:14.047  4942  4966 I appium  : The following attributes will be included to the page source: [content-desc, resource-id, text]"}
{"timestamp":1618842254498,"level":"ALL","message":"04-19 11:24:14.159  4942  4966 I appium  : Took 49ms to retrieve 0 matches for '//*[contains(translate(@content-desc,'ABCDEFGHIJKLMNOPQRSTUVWXYZ','abcdefghijklmnopqrstuvwxyz'),' taps left') or contains(translate(@resource-id,'ABCDEFGHIJKLMNOPQRSTUVWXYZ','abcdefghijklmnopqrstuvwxyz'),' taps left') or contains(translate(@text,'ABCDEFGHIJKLMNOPQRSTUVWXYZ','abcdefghijklmnopqrstuvwxyz'),' taps left')]' XPath query"}
{"timestamp":1618842254505,"level":"ALL","message":"04-19 11:24:14.163  4942  4966 I appium  : AppiumResponse: {\"sessionId\":\"d1f5a7c3-342c-4232-a5d7-45f95e7c7cca\",\"value\":[]}"}
{"timestamp":1618842254743,"level":"ALL","message":"04-19 11:24:14.406  4942  4966 I appium  : channel read: POST /wd/hub/session/d1f5a7c3-342c-4232-a5d7-45f95e7c7cca/elements"}
{"timestamp":1618842254748,"level":"ALL","message":"04-19 11:24:14.407  4942  4966 I appium  : FindElements command"}
{"timestamp":1618842254748,"level":"ALL","message":"04-19 11:24:14.409  4942  4966 I appium  : method: 'xpath', selector: '//*[contains(translate(@content-desc,'ABCDEFGHIJKLMNOPQRSTUVWXYZ','abcdefghijklmnopqrstuvwxyz'),' taps left') or contains(translate(@resource-id,'ABCDEFGHIJKLMNOPQRSTUVWXYZ','abcdefghijklmnopqrstuvwxyz'),' taps left') or contains(translate(@text,'ABCDEFGHIJKLMNOPQRSTUVWXYZ','abcdefghijklmnopqrstuvwxyz'),' taps left')]', contextId: ''"}
{"timestamp":1618842254748,"level":"ALL","message":"04-19 11:24:14.411  4942  4966 I appium  : Waiting up to 10000ms for the device to idle"}
{"timestamp":1618842254748,"level":"ALL","message":"04-19 11:24:14.414  4942  4966 I appium  : The following attributes will be included to the page source: [content-desc, resource-id, text]"}
{"timestamp":1618842254803,"level":"ALL","message":"04-19 11:24:14.471  4942  4966 I appium  : Took 9ms to retrieve 0 matches for '//*[contains(translate(@content-desc,'ABCDEFGHIJKLMNOPQRSTUVWXYZ','abcdefghijklmnopqrstuvwxyz'),' taps left') or contains(translate(@resource-id,'ABCDEFGHIJKLMNOPQRSTUVWXYZ','abcdefghijklmnopqrstuvwxyz'),' taps left') or contains(translate(@text,'ABCDEFGHIJKLMNOPQRSTUVWXYZ','abcdefghijklmnopqrstuvwxyz'),' taps left')]' XPath query"}
{"timestamp":1618842254806,"level":"ALL","message":"04-19 11:24:14.472  4942  4966 I appium  : AppiumResponse: {\"sessionId\":\"d1f5a7c3-342c-4232-a5d7-45f95e7c7cca\",\"value\":[]}"}
{"timestamp":1618842255025,"level":"ALL","message":"04-19 11:24:14.691  4942  4966 I appium  : channel read: POST /wd/hub/session/d1f5a7c3-342c-4232-a5d7-45f95e7c7cca/elements"}
{"timestamp":1618842255025,"level":"ALL","message":"04-19 11:24:14.691  4942  4966 I appium  : FindElements command"}
{"timestamp":1618842255028,"level":"ALL","message":"04-19 11:24:14.692  4942  4966 I appium  : method: 'xpath', selector: '//*[contains(translate(@content-desc,'ABCDEFGHIJKLMNOPQRSTUVWXYZ','abcdefghijklmnopqrstuvwxyz'),' taps left') or contains(translate(@resource-id,'ABCDEFGHIJKLMNOPQRSTUVWXYZ','abcdefghijklmnopqrstuvwxyz'),' taps left') or contains(translate(@text,'ABCDEFGHIJKLMNOPQRSTUVWXYZ','abcdefghijklmnopqrstuvwxyz'),' taps left')]', contextId: ''"}
{"timestamp":1618842255028,"level":"ALL","message":"04-19 11:24:14.692  4942  4966 I appium  : Waiting up to 10000ms for the device to idle"}
{"timestamp":1618842255031,"level":"ALL","message":"04-19 11:24:14.696  4942  4966 I appium  : The following attributes will be included to the page source: [content-desc, resource-id, text]"}
{"timestamp":1618842255050,"level":"ALL","message":"04-19 11:24:14.715  4942  4966 I appium  : Took 5ms to retrieve 0 matches for '//*[contains(translate(@content-desc,'ABCDEFGHIJKLMNOPQRSTUVWXYZ','abcdefghijklmnopqrstuvwxyz'),' taps left') or contains(translate(@resource-id,'ABCDEFGHIJKLMNOPQRSTUVWXYZ','abcdefghijklmnopqrstuvwxyz'),' taps left') or contains(translate(@text,'ABCDEFGHIJKLMNOPQRSTUVWXYZ','abcdefghijklmnopqrstuvwxyz'),' taps left')]' XPath query"}
{"timestamp":1618842255051,"level":"ALL","message":"04-19 11:24:14.716  4942  4966 I appium  : AppiumResponse: {\"sessionId\":\"d1f5a7c3-342c-4232-a5d7-45f95e7c7cca\",\"value\":[]}"}
{"timestamp":1618842255258,"level":"ALL","message":"04-19 11:24:14.926  4942  4966 I appium  : channel read: POST /wd/hub/session/d1f5a7c3-342c-4232-a5d7-45f95e7c7cca/elements"}
{"timestamp":1618842255258,"level":"ALL","message":"04-19 11:24:14.926  4942  4966 I appium  : FindElements command"}
{"timestamp":1618842255259,"level":"ALL","message":"04-19 11:24:14.927  4942  4966 I appium  : method: 'xpath', selector: '//*[contains(translate(@content-desc,'ABCDEFGHIJKLMNOPQRSTUVWXYZ','abcdefghijklmnopqrstuvwxyz'),' taps left') or contains(translate(@resource-id,'ABCDEFGHIJKLMNOPQRSTUVWXYZ','abcdefghijklmnopqrstuvwxyz'),' taps left') or contains(translate(@text,'ABCDEFGHIJKLMNOPQRSTUVWXYZ','abcdefghijklmnopqrstuvwxyz'),' taps left')]', contextId: ''"}
{"timestamp":1618842255260,"level":"ALL","message":"04-19 11:24:14.928  4942  4966 I appium  : Waiting up to 10000ms for the device to idle"}
{"timestamp":1618842255260,"level":"ALL","message":"04-19 11:24:14.928  4942  4966 I appium  : The following attributes will be included to the page source: [content-desc, resource-id, text]"}
{"timestamp":1618842255272,"level":"ALL","message":"04-19 11:24:14.939  4942  4966 I appium  : Took 4ms to retrieve 0 matches for '//*[contains(translate(@content-desc,'ABCDEFGHIJKLMNOPQRSTUVWXYZ','abcdefghijklmnopqrstuvwxyz'),' taps left') or contains(translate(@resource-id,'ABCDEFGHIJKLMNOPQRSTUVWXYZ','abcdefghijklmnopqrstuvwxyz'),' taps left') or contains(translate(@text,'ABCDEFGHIJKLMNOPQRSTUVWXYZ','abcdefghijklmnopqrstuvwxyz'),' taps left')]' XPath query"}
{"timestamp":1618842255272,"level":"ALL","message":"04-19 11:24:14.940  4942  4966 I appium  : AppiumResponse: {\"sessionId\":\"d1f5a7c3-342c-4232-a5d7-45f95e7c7cca\",\"value\":[]}"}
{"timestamp":1618842255338,"level":"ALL","message":"04-19 11:24:15.006  4981  5004 D EGL_emulation: eglMakeCurrent: 0x90d386e0: ver 3 0 (tinfo 0x90d14d60)"}
{"timestamp":1618842255487,"level":"ALL","message":"04-19 11:24:15.154  4942  4966 I appium  : channel read: POST /wd/hub/session/d1f5a7c3-342c-4232-a5d7-45f95e7c7cca/elements"}
{"timestamp":1618842255487,"level":"ALL","message":"04-19 11:24:15.154  4942  4966 I appium  : FindElements command"}
{"timestamp":1618842255490,"level":"ALL","message":"04-19 11:24:15.157  4942  4966 I appium  : method: 'xpath', selector: '//*[contains(translate(@content-desc,'ABCDEFGHIJKLMNOPQRSTUVWXYZ','abcdefghijklmnopqrstuvwxyz'),' taps left') or contains(translate(@resource-id,'ABCDEFGHIJKLMNOPQRSTUVWXYZ','abcdefghijklmnopqrstuvwxyz'),' taps left') or contains(translate(@text,'ABCDEFGHIJKLMNOPQRSTUVWXYZ','abcdefghijklmnopqrstuvwxyz'),' taps left')]', contextId: ''"}
{"timestamp":1618842255493,"level":"ALL","message":"04-19 11:24:15.157  4942  4966 I appium  : Waiting up to 10000ms for the device to idle"}
{"timestamp":1618842255493,"level":"ALL","message":"04-19 11:24:15.159  4942  4966 I appium  : The following attributes will be included to the page source: [content-desc, resource-id, text]"}
{"timestamp":1618842255517,"level":"ALL","message":"04-19 11:24:15.185  4942  4966 I appium  : Took 3ms to retrieve 0 matches for '//*[contains(translate(@content-desc,'ABCDEFGHIJKLMNOPQRSTUVWXYZ','abcdefghijklmnopqrstuvwxyz'),' taps left') or contains(translate(@resource-id,'ABCDEFGHIJKLMNOPQRSTUVWXYZ','abcdefghijklmnopqrstuvwxyz'),' taps left') or contains(translate(@text,'ABCDEFGHIJKLMNOPQRSTUVWXYZ','abcdefghijklmnopqrstuvwxyz'),' taps left')]' XPath query"}
{"timestamp":1618842255520,"level":"ALL","message":"04-19 11:24:15.185  4942  4966 I appium  : AppiumResponse: {\"sessionId\":\"d1f5a7c3-342c-4232-a5d7-45f95e7c7cca\",\"value\":[]}"}
{"timestamp":1618842255733,"level":"ALL","message":"04-19 11:24:15.398  4942  4966 I appium  : channel read: POST /wd/hub/session/d1f5a7c3-342c-4232-a5d7-45f95e7c7cca/elements"}
{"timestamp":1618842255734,"level":"ALL","message":"04-19 11:24:15.398  4942  4966 I appium  : FindElements command"}
{"timestamp":1618842255734,"level":"ALL","message":"04-19 11:24:15.399  4942  4966 I appium  : method: 'xpath', selector: '//*[contains(translate(@content-desc,'ABCDEFGHIJKLMNOPQRSTUVWXYZ','abcdefghijklmnopqrstuvwxyz'),' taps left') or contains(translate(@resource-id,'ABCDEFGHIJKLMNOPQRSTUVWXYZ','abcdefghijklmnopqrstuvwxyz'),' taps left') or contains(translate(@text,'ABCDEFGHIJKLMNOPQRSTUVWXYZ','abcdefghijklmnopqrstuvwxyz'),' taps left')]', contextId: ''"}
{"timestamp":1618842255734,"level":"ALL","message":"04-19 11:24:15.399  4942  4966 I appium  : Waiting up to 10000ms for the device to idle"}
{"timestamp":1618842255734,"level":"ALL","message":"04-19 11:24:15.400  4942  4966 I appium  : The following attributes will be included to the page source: [content-desc, resource-id, text]"}
{"timestamp":1618842255753,"level":"ALL","message":"04-19 11:24:15.420  4942  4966 I appium  : Took 5ms to retrieve 0 matches for '//*[contains(translate(@content-desc,'ABCDEFGHIJKLMNOPQRSTUVWXYZ','abcdefghijklmnopqrstuvwxyz'),' taps left') or contains(translate(@resource-id,'ABCDEFGHIJKLMNOPQRSTUVWXYZ','abcdefghijklmnopqrstuvwxyz'),' taps left') or contains(translate(@text,'ABCDEFGHIJKLMNOPQRSTUVWXYZ','abcdefghijklmnopqrstuvwxyz'),' taps left')]' XPath query"}
{"timestamp":1618842255758,"level":"ALL","message":"04-19 11:24:15.421  4942  4966 I appium  : AppiumResponse: {\"sessionId\":\"d1f5a7c3-342c-4232-a5d7-45f95e7c7cca\",\"value\":[]}"}
{"timestamp":1618842255965,"level":"ALL","message":"04-19 11:24:15.632  4942  4966 I appium  : channel read: POST /wd/hub/session/d1f5a7c3-342c-4232-a5d7-45f95e7c7cca/elements"}
{"timestamp":1618842255965,"level":"ALL","message":"04-19 11:24:15.632  4942  4966 I appium  : FindElements command"}
{"timestamp":1618842255967,"level":"ALL","message":"04-19 11:24:15.633  4942  4966 I appium  : method: 'xpath', selector: '//*[contains(translate(@content-desc,'ABCDEFGHIJKLMNOPQRSTUVWXYZ','abcdefghijklmnopqrstuvwxyz'),' taps left') or contains(translate(@resource-id,'ABCDEFGHIJKLMNOPQRSTUVWXYZ','abcdefghijklmnopqrstuvwxyz'),' taps left') or contains(translate(@text,'ABCDEFGHIJKLMNOPQRSTUVWXYZ','abcdefghijklmnopqrstuvwxyz'),' taps left')]', contextId: ''"}
{"timestamp":1618842255967,"level":"ALL","message":"04-19 11:24:15.633  4942  4966 I appium  : Waiting up to 10000ms for the device to idle"}
{"timestamp":1618842255967,"level":"ALL","message":"04-19 11:24:15.634  4942  4966 I appium  : The following attributes will be included to the page source: [content-desc, resource-id, text]"}
{"timestamp":1618842255979,"level":"ALL","message":"04-19 11:24:15.646  4942  4966 I appium  : Took 5ms to retrieve 0 matches for '//*[contains(translate(@content-desc,'ABCDEFGHIJKLMNOPQRSTUVWXYZ','abcdefghijklmnopqrstuvwxyz'),' taps left') or contains(translate(@resource-id,'ABCDEFGHIJKLMNOPQRSTUVWXYZ','abcdefghijklmnopqrstuvwxyz'),' taps left') or contains(translate(@text,'ABCDEFGHIJKLMNOPQRSTUVWXYZ','abcdefghijklmnopqrstuvwxyz'),' taps left')]' XPath query"}
{"timestamp":1618842255981,"level":"ALL","message":"04-19 11:24:15.647  4942  4966 I appium  : AppiumResponse: {\"sessionId\":\"d1f5a7c3-342c-4232-a5d7-45f95e7c7cca\",\"value\":[]}"}
{"timestamp":1618842256192,"level":"ALL","message":"04-19 11:24:15.860  4942  4966 I appium  : channel read: POST /wd/hub/session/d1f5a7c3-342c-4232-a5d7-45f95e7c7cca/elements"}
{"timestamp":1618842256194,"level":"ALL","message":"04-19 11:24:15.861  4942  4966 I appium  : FindElements command"}
{"timestamp":1618842256195,"level":"ALL","message":"04-19 11:24:15.862  4942  4966 I appium  : method: 'xpath', selector: '//*[contains(translate(@content-desc,'ABCDEFGHIJKLMNOPQRSTUVWXYZ','abcdefghijklmnopqrstuvwxyz'),' taps left') or contains(translate(@resource-id,'ABCDEFGHIJKLMNOPQRSTUVWXYZ','abcdefghijklmnopqrstuvwxyz'),' taps left') or contains(translate(@text,'ABCDEFGHIJKLMNOPQRSTUVWXYZ','abcdefghijklmnopqrstuvwxyz'),' taps left')]', contextId: ''"}
{"timestamp":1618842256195,"level":"ALL","message":"04-19 11:24:15.862  4942  4966 I appium  : Waiting up to 10000ms for the device to idle"}
{"timestamp":1618842256197,"level":"ALL","message":"04-19 11:24:15.863  4942  4966 I appium  : The following attributes will be included to the page source: [content-desc, resource-id, text]"}
{"timestamp":1618842256207,"level":"ALL","message":"04-19 11:24:15.875  4942  4966 I appium  : Took 4ms to retrieve 0 matches for '//*[contains(translate(@content-desc,'ABCDEFGHIJKLMNOPQRSTUVWXYZ','abcdefghijklmnopqrstuvwxyz'),' taps left') or contains(translate(@resource-id,'ABCDEFGHIJKLMNOPQRSTUVWXYZ','abcdefghijklmnopqrstuvwxyz'),' taps left') or contains(translate(@text,'ABCDEFGHIJKLMNOPQRSTUVWXYZ','abcdefghijklmnopqrstuvwxyz'),' taps left')]' XPath query"}
{"timestamp":1618842256211,"level":"ALL","message":"04-19 11:24:15.876  4942  4966 I appium  : AppiumResponse: {\"sessionId\":\"d1f5a7c3-342c-4232-a5d7-45f95e7c7cca\",\"value\":[]}"}
{"timestamp":1618842256431,"level":"ALL","message":"04-19 11:24:16.099  4942  4966 I appium  : channel read: POST /wd/hub/session/d1f5a7c3-342c-4232-a5d7-45f95e7c7cca/elements"}
{"timestamp":1618842256432,"level":"ALL","message":"04-19 11:24:16.099  4942  4966 I appium  : FindElements command"}
{"timestamp":1618842256432,"level":"ALL","message":"04-19 11:24:16.100  4942  4966 I appium  : method: 'xpath', selector: '//*[contains(translate(@content-desc,'ABCDEFGHIJKLMNOPQRSTUVWXYZ','abcdefghijklmnopqrstuvwxyz'),' taps left') or contains(translate(@resource-id,'ABCDEFGHIJKLMNOPQRSTUVWXYZ','abcdefghijklmnopqrstuvwxyz'),' taps left') or contains(translate(@text,'ABCDEFGHIJKLMNOPQRSTUVWXYZ','abcdefghijklmnopqrstuvwxyz'),' taps left')]', contextId: ''"}
{"timestamp":1618842256432,"level":"ALL","message":"04-19 11:24:16.100  4942  4966 I appium  : Waiting up to 10000ms for the device to idle"}
{"timestamp":1618842256433,"level":"ALL","message":"04-19 11:24:16.101  4942  4966 I appium  : The following attributes will be included to the page source: [content-desc, resource-id, text]"}
{"timestamp":1618842256445,"level":"ALL","message":"04-19 11:24:16.113  4942  4966 I appium  : Took 4ms to retrieve 0 matches for '//*[contains(translate(@content-desc,'ABCDEFGHIJKLMNOPQRSTUVWXYZ','abcdefghijklmnopqrstuvwxyz'),' taps left') or contains(translate(@resource-id,'ABCDEFGHIJKLMNOPQRSTUVWXYZ','abcdefghijklmnopqrstuvwxyz'),' taps left') or contains(translate(@text,'ABCDEFGHIJKLMNOPQRSTUVWXYZ','abcdefghijklmnopqrstuvwxyz'),' taps left')]' XPath query"}
{"timestamp":1618842256446,"level":"ALL","message":"04-19 11:24:16.113  4942  4966 I appium  : AppiumResponse: {\"sessionId\":\"d1f5a7c3-342c-4232-a5d7-45f95e7c7cca\",\"value\":[]}"}
{"timestamp":1618842256657,"level":"ALL","message":"04-19 11:24:16.325  4942  4966 I appium  : channel read: POST /wd/hub/session/d1f5a7c3-342c-4232-a5d7-45f95e7c7cca/elements"}
{"timestamp":1618842256658,"level":"ALL","message":"04-19 11:24:16.325  4942  4966 I appium  : FindElements command"}
{"timestamp":1618842256658,"level":"ALL","message":"04-19 11:24:16.325  4942  4966 I appium  : method: 'xpath', selector: '//*[contains(translate(@content-desc,'ABCDEFGHIJKLMNOPQRSTUVWXYZ','abcdefghijklmnopqrstuvwxyz'),' taps left') or contains(translate(@resource-id,'ABCDEFGHIJKLMNOPQRSTUVWXYZ','abcdefghijklmnopqrstuvwxyz'),' taps left') or contains(translate(@text,'ABCDEFGHIJKLMNOPQRSTUVWXYZ','abcdefghijklmnopqrstuvwxyz'),' taps left')]', contextId: ''"}
{"timestamp":1618842256658,"level":"ALL","message":"04-19 11:24:16.326  4942  4966 I appium  : Waiting up to 10000ms for the device to idle"}
{"timestamp":1618842256659,"level":"ALL","message":"04-19 11:24:16.327  4942  4966 I appium  : The following attributes will be included to the page source: [content-desc, resource-id, text]"}
{"timestamp":1618842256668,"level":"ALL","message":"04-19 11:24:16.336  4942  4966 I appium  : Took 3ms to retrieve 0 matches for '//*[contains(translate(@content-desc,'ABCDEFGHIJKLMNOPQRSTUVWXYZ','abcdefghijklmnopqrstuvwxyz'),' taps left') or contains(translate(@resource-id,'ABCDEFGHIJKLMNOPQRSTUVWXYZ','abcdefghijklmnopqrstuvwxyz'),' taps left') or contains(translate(@text,'ABCDEFGHIJKLMNOPQRSTUVWXYZ','abcdefghijklmnopqrstuvwxyz'),' taps left')]' XPath query"}
{"timestamp":1618842256670,"level":"ALL","message":"04-19 11:24:16.336  4942  4966 I appium  : AppiumResponse: {\"sessionId\":\"d1f5a7c3-342c-4232-a5d7-45f95e7c7cca\",\"value\":[]}"}
{"timestamp":1618842256880,"level":"ALL","message":"04-19 11:24:16.548  4942  4966 I appium  : channel read: POST /wd/hub/session/d1f5a7c3-342c-4232-a5d7-45f95e7c7cca/elements"}
{"timestamp":1618842256880,"level":"ALL","message":"04-19 11:24:16.549  4942  4966 I appium  : FindElements command"}
{"timestamp":1618842256882,"level":"ALL","message":"04-19 11:24:16.549  4942  4966 I appium  : method: 'xpath', selector: '//*[contains(translate(@content-desc,'ABCDEFGHIJKLMNOPQRSTUVWXYZ','abcdefghijklmnopqrstuvwxyz'),' taps left') or contains(translate(@resource-id,'ABCDEFGHIJKLMNOPQRSTUVWXYZ','abcdefghijklmnopqrstuvwxyz'),' taps left') or contains(translate(@text,'ABCDEFGHIJKLMNOPQRSTUVWXYZ','abcdefghijklmnopqrstuvwxyz'),' taps left')]', contextId: ''"}
{"timestamp":1618842256882,"level":"ALL","message":"04-19 11:24:16.549  4942  4966 I appium  : Waiting up to 10000ms for the device to idle"}
{"timestamp":1618842256883,"level":"ALL","message":"04-19 11:24:16.550  4942  4966 I appium  : The following attributes will be included to the page source: [content-desc, resource-id, text]"}
{"timestamp":1618842256890,"level":"ALL","message":"04-19 11:24:16.559  4942  4966 I appium  : Took 3ms to retrieve 0 matches for '//*[contains(translate(@content-desc,'ABCDEFGHIJKLMNOPQRSTUVWXYZ','abcdefghijklmnopqrstuvwxyz'),' taps left') or contains(translate(@resource-id,'ABCDEFGHIJKLMNOPQRSTUVWXYZ','abcdefghijklmnopqrstuvwxyz'),' taps left') or contains(translate(@text,'ABCDEFGHIJKLMNOPQRSTUVWXYZ','abcdefghijklmnopqrstuvwxyz'),' taps left')]' XPath query"}
{"timestamp":1618842256892,"level":"ALL","message":"04-19 11:24:16.559  4942  4966 I appium  : AppiumResponse: {\"sessionId\":\"d1f5a7c3-342c-4232-a5d7-45f95e7c7cca\",\"value\":[]}"}
{"timestamp":1618842257091,"level":"ALL","message":"04-19 11:24:16.758  1428  1451 W audio_hw_generic: Not supplying enough data to HAL, expected position 307703 , only wrote 154800"}
{"timestamp":1618842257101,"level":"ALL","message":"04-19 11:24:16.769  4942  4966 I appium  : channel read: POST /wd/hub/session/d1f5a7c3-342c-4232-a5d7-45f95e7c7cca/elements"}
{"timestamp":1618842257103,"level":"ALL","message":"04-19 11:24:16.770  4942  4966 I appium  : FindElements command"}
{"timestamp":1618842257103,"level":"ALL","message":"04-19 11:24:16.770  4942  4966 I appium  : method: 'xpath', selector: '//*[contains(translate(@content-desc,'ABCDEFGHIJKLMNOPQRSTUVWXYZ','abcdefghijklmnopqrstuvwxyz'),' taps left') or contains(translate(@resource-id,'ABCDEFGHIJKLMNOPQRSTUVWXYZ','abcdefghijklmnopqrstuvwxyz'),' taps left') or contains(translate(@text,'ABCDEFGHIJKLMNOPQRSTUVWXYZ','abcdefghijklmnopqrstuvwxyz'),' taps left')]', contextId: ''"}
{"timestamp":1618842257103,"level":"ALL","message":"04-19 11:24:16.770  4942  4966 I appium  : Waiting up to 10000ms for the device to idle"}
{"timestamp":1618842257104,"level":"ALL","message":"04-19 11:24:16.771  4942  4966 I appium  : The following attributes will be included to the page source: [content-desc, resource-id, text]"}
{"timestamp":1618842257115,"level":"ALL","message":"04-19 11:24:16.783  4942  4966 I appium  : Took 3ms to retrieve 0 matches for '//*[contains(translate(@content-desc,'ABCDEFGHIJKLMNOPQRSTUVWXYZ','abcdefghijklmnopqrstuvwxyz'),' taps left') or contains(translate(@resource-id,'ABCDEFGHIJKLMNOPQRSTUVWXYZ','abcdefghijklmnopqrstuvwxyz'),' taps left') or contains(translate(@text,'ABCDEFGHIJKLMNOPQRSTUVWXYZ','abcdefghijklmnopqrstuvwxyz'),' taps left')]' XPath query"}
{"timestamp":1618842257117,"level":"ALL","message":"04-19 11:24:16.783  4942  4966 I appium  : AppiumResponse: {\"sessionId\":\"d1f5a7c3-342c-4232-a5d7-45f95e7c7cca\",\"value\":[]}"}
{"timestamp":1618842257328,"level":"ALL","message":"04-19 11:24:16.995  4942  4966 I appium  : channel read: POST /wd/hub/session/d1f5a7c3-342c-4232-a5d7-45f95e7c7cca/elements"}
{"timestamp":1618842257328,"level":"ALL","message":"04-19 11:24:16.996  4942  4966 I appium  : FindElements command"}
{"timestamp":1618842257330,"level":"ALL","message":"04-19 11:24:16.996  4942  4966 I appium  : method: 'xpath', selector: '//*[contains(translate(@content-desc,'ABCDEFGHIJKLMNOPQRSTUVWXYZ','abcdefghijklmnopqrstuvwxyz'),' taps left') or contains(translate(@resource-id,'ABCDEFGHIJKLMNOPQRSTUVWXYZ','abcdefghijklmnopqrstuvwxyz'),' taps left') or contains(translate(@text,'ABCDEFGHIJKLMNOPQRSTUVWXYZ','abcdefghijklmnopqrstuvwxyz'),' taps left')]', contextId: ''"}
{"timestamp":1618842257331,"level":"ALL","message":"04-19 11:24:16.996  4942  4966 I appium  : Waiting up to 10000ms for the device to idle"}
{"timestamp":1618842257331,"level":"ALL","message":"04-19 11:24:16.997  4942  4966 I appium  : The following attributes will be included to the page source: [content-desc, resource-id, text]"}
{"timestamp":1618842257339,"level":"ALL","message":"04-19 11:24:17.007  4942  4966 I appium  : Took 3ms to retrieve 0 matches for '//*[contains(translate(@content-desc,'ABCDEFGHIJKLMNOPQRSTUVWXYZ','abcdefghijklmnopqrstuvwxyz'),' taps left') or contains(translate(@resource-id,'ABCDEFGHIJKLMNOPQRSTUVWXYZ','abcdefghijklmnopqrstuvwxyz'),' taps left') or contains(translate(@text,'ABCDEFGHIJKLMNOPQRSTUVWXYZ','abcdefghijklmnopqrstuvwxyz'),' taps left')]' XPath query"}
{"timestamp":1618842257340,"level":"ALL","message":"04-19 11:24:17.007  4942  4966 I appium  : AppiumResponse: {\"sessionId\":\"d1f5a7c3-342c-4232-a5d7-45f95e7c7cca\",\"value\":[]}"}
{"timestamp":1618842257552,"level":"ALL","message":"04-19 11:24:17.220  4942  4966 I appium  : channel read: POST /wd/hub/session/d1f5a7c3-342c-4232-a5d7-45f95e7c7cca/elements"}
{"timestamp":1618842257552,"level":"ALL","message":"04-19 11:24:17.220  4942  4966 I appium  : FindElements command"}
{"timestamp":1618842257553,"level":"ALL","message":"04-19 11:24:17.220  4942  4966 I appium  : method: 'xpath', selector: '//*[contains(translate(@content-desc,'ABCDEFGHIJKLMNOPQRSTUVWXYZ','abcdefghijklmnopqrstuvwxyz'),' taps left') or contains(translate(@resource-id,'ABCDEFGHIJKLMNOPQRSTUVWXYZ','abcdefghijklmnopqrstuvwxyz'),' taps left') or contains(translate(@text,'ABCDEFGHIJKLMNOPQRSTUVWXYZ','abcdefghijklmnopqrstuvwxyz'),' taps left')]', contextId: ''"}
{"timestamp":1618842257554,"level":"ALL","message":"04-19 11:24:17.220  4942  4966 I appium  : Waiting up to 10000ms for the device to idle"}
{"timestamp":1618842257554,"level":"ALL","message":"04-19 11:24:17.221  4942  4966 I appium  : The following attributes will be included to the page source: [content-desc, resource-id, text]"}
{"timestamp":1618842257560,"level":"ALL","message":"04-19 11:24:17.228  4942  4945 I art     : Do full code cache collection, code=123KB, data=90KB"}
{"timestamp":1618842257561,"level":"ALL","message":"04-19 11:24:17.229  4942  4945 I art     : Starting a blocking GC JitCodeCache"}
{"timestamp":1618842257561,"level":"ALL","message":"04-19 11:24:17.229  4942  4945 I art     : After code cache collection, code=116KB, data=79KB"}
{"timestamp":1618842257564,"level":"ALL","message":"04-19 11:24:17.232  4942  4966 I appium  : Took 4ms to retrieve 0 matches for '//*[contains(translate(@content-desc,'ABCDEFGHIJKLMNOPQRSTUVWXYZ','abcdefghijklmnopqrstuvwxyz'),' taps left') or contains(translate(@resource-id,'ABCDEFGHIJKLMNOPQRSTUVWXYZ','abcdefghijklmnopqrstuvwxyz'),' taps left') or contains(translate(@text,'ABCDEFGHIJKLMNOPQRSTUVWXYZ','abcdefghijklmnopqrstuvwxyz'),' taps left')]' XPath query"}
{"timestamp":1618842257564,"level":"ALL","message":"04-19 11:24:17.232  4942  4966 I appium  : AppiumResponse: {\"sessionId\":\"d1f5a7c3-342c-4232-a5d7-45f95e7c7cca\",\"value\":[]}"}
{"timestamp":1618842257775,"level":"ALL","message":"04-19 11:24:17.443  4942  4966 I appium  : channel read: POST /wd/hub/session/d1f5a7c3-342c-4232-a5d7-45f95e7c7cca/elements"}
{"timestamp":1618842257776,"level":"ALL","message":"04-19 11:24:17.444  4942  4966 I appium  : FindElements command"}
{"timestamp":1618842257777,"level":"ALL","message":"04-19 11:24:17.444  4942  4966 I appium  : method: 'xpath', selector: '//*[contains(translate(@content-desc,'ABCDEFGHIJKLMNOPQRSTUVWXYZ','abcdefghijklmnopqrstuvwxyz'),' taps left') or contains(translate(@resource-id,'ABCDEFGHIJKLMNOPQRSTUVWXYZ','abcdefghijklmnopqrstuvwxyz'),' taps left') or contains(translate(@text,'ABCDEFGHIJKLMNOPQRSTUVWXYZ','abcdefghijklmnopqrstuvwxyz'),' taps left')]', contextId: ''"}
{"timestamp":1618842257779,"level":"ALL","message":"04-19 11:24:17.445  4942  4966 I appium  : Waiting up to 10000ms for the device to idle"}
{"timestamp":1618842257779,"level":"ALL","message":"04-19 11:24:17.445  4942  4966 I appium  : The following attributes will be included to the page source: [content-desc, resource-id, text]"}
{"timestamp":1618842257793,"level":"ALL","message":"04-19 11:24:17.458  4942  4966 I appium  : Took 4ms to retrieve 0 matches for '//*[contains(translate(@content-desc,'ABCDEFGHIJKLMNOPQRSTUVWXYZ','abcdefghijklmnopqrstuvwxyz'),' taps left') or contains(translate(@resource-id,'ABCDEFGHIJKLMNOPQRSTUVWXYZ','abcdefghijklmnopqrstuvwxyz'),' taps left') or contains(translate(@text,'ABCDEFGHIJKLMNOPQRSTUVWXYZ','abcdefghijklmnopqrstuvwxyz'),' taps left')]' XPath query"}
{"timestamp":1618842257793,"level":"ALL","message":"04-19 11:24:17.458  4942  4966 I appium  : AppiumResponse: {\"sessionId\":\"d1f5a7c3-342c-4232-a5d7-45f95e7c7cca\",\"value\":[]}"}
{"timestamp":1618842258003,"level":"ALL","message":"04-19 11:24:17.670  4942  4966 I appium  : channel read: POST /wd/hub/session/d1f5a7c3-342c-4232-a5d7-45f95e7c7cca/elements"}
{"timestamp":1618842258003,"level":"ALL","message":"04-19 11:24:17.670  4942  4966 I appium  : FindElements command"}
{"timestamp":1618842258004,"level":"ALL","message":"04-19 11:24:17.671  4942  4966 I appium  : method: 'xpath', selector: '//*[contains(translate(@content-desc,'ABCDEFGHIJKLMNOPQRSTUVWXYZ','abcdefghijklmnopqrstuvwxyz'),' taps left') or contains(translate(@resource-id,'ABCDEFGHIJKLMNOPQRSTUVWXYZ','abcdefghijklmnopqrstuvwxyz'),' taps left') or contains(translate(@text,'ABCDEFGHIJKLMNOPQRSTUVWXYZ','abcdefghijklmnopqrstuvwxyz'),' taps left')]', contextId: ''"}
{"timestamp":1618842258004,"level":"ALL","message":"04-19 11:24:17.672  4942  4966 I appium  : Waiting up to 10000ms for the device to idle"}
{"timestamp":1618842258007,"level":"ALL","message":"04-19 11:24:17.674  4942  4966 I appium  : The following attributes will be included to the page source: [content-desc, resource-id, text]"}
{"timestamp":1618842258020,"level":"ALL","message":"04-19 11:24:17.687  4942  4966 I appium  : Took 3ms to retrieve 0 matches for '//*[contains(translate(@content-desc,'ABCDEFGHIJKLMNOPQRSTUVWXYZ','abcdefghijklmnopqrstuvwxyz'),' taps left') or contains(translate(@resource-id,'ABCDEFGHIJKLMNOPQRSTUVWXYZ','abcdefghijklmnopqrstuvwxyz'),' taps left') or contains(translate(@text,'ABCDEFGHIJKLMNOPQRSTUVWXYZ','abcdefghijklmnopqrstuvwxyz'),' taps left')]' XPath query"}
{"timestamp":1618842258028,"level":"ALL","message":"04-19 11:24:17.688  4942  4966 I appium  : AppiumResponse: {\"sessionId\":\"d1f5a7c3-342c-4232-a5d7-45f95e7c7cca\",\"value\":[]}"}
{"timestamp":1618842258237,"level":"ALL","message":"04-19 11:24:17.905  4942  4966 I appium  : channel read: POST /wd/hub/session/d1f5a7c3-342c-4232-a5d7-45f95e7c7cca/elements"}
{"timestamp":1618842258237,"level":"ALL","message":"04-19 11:24:17.905  4942  4966 I appium  : FindElements command"}
{"timestamp":1618842258238,"level":"ALL","message":"04-19 11:24:17.905  4942  4966 I appium  : method: 'xpath', selector: '//*[contains(translate(@content-desc,'ABCDEFGHIJKLMNOPQRSTUVWXYZ','abcdefghijklmnopqrstuvwxyz'),' taps left') or contains(translate(@resource-id,'ABCDEFGHIJKLMNOPQRSTUVWXYZ','abcdefghijklmnopqrstuvwxyz'),' taps left') or contains(translate(@text,'ABCDEFGHIJKLMNOPQRSTUVWXYZ','abcdefghijklmnopqrstuvwxyz'),' taps left')]', contextId: ''"}
{"timestamp":1618842258238,"level":"ALL","message":"04-19 11:24:17.905  4942  4966 I appium  : Waiting up to 10000ms for the device to idle"}
{"timestamp":1618842258238,"level":"ALL","message":"04-19 11:24:17.906  4942  4966 I appium  : The following attributes will be included to the page source: [content-desc, resource-id, text]"}
{"timestamp":1618842258249,"level":"ALL","message":"04-19 11:24:17.917  4942  4966 I appium  : Took 4ms to retrieve 0 matches for '//*[contains(translate(@content-desc,'ABCDEFGHIJKLMNOPQRSTUVWXYZ','abcdefghijklmnopqrstuvwxyz'),' taps left') or contains(translate(@resource-id,'ABCDEFGHIJKLMNOPQRSTUVWXYZ','abcdefghijklmnopqrstuvwxyz'),' taps left') or contains(translate(@text,'ABCDEFGHIJKLMNOPQRSTUVWXYZ','abcdefghijklmnopqrstuvwxyz'),' taps left')]' XPath query"}
{"timestamp":1618842258251,"level":"ALL","message":"04-19 11:24:17.918  4942  4966 I appium  : AppiumResponse: {\"sessionId\":\"d1f5a7c3-342c-4232-a5d7-45f95e7c7cca\",\"value\":[]}"}
{"timestamp":1618842258458,"level":"ALL","message":"04-19 11:24:18.126  4942  4966 I appium  : channel read: POST /wd/hub/session/d1f5a7c3-342c-4232-a5d7-45f95e7c7cca/elements"}
{"timestamp":1618842258458,"level":"ALL","message":"04-19 11:24:18.126  4942  4966 I appium  : FindElements command"}
{"timestamp":1618842258460,"level":"ALL","message":"04-19 11:24:18.127  4942  4966 I appium  : method: 'xpath', selector: '//*[contains(translate(@content-desc,'ABCDEFGHIJKLMNOPQRSTUVWXYZ','abcdefghijklmnopqrstuvwxyz'),' taps left') or contains(translate(@resource-id,'ABCDEFGHIJKLMNOPQRSTUVWXYZ','abcdefghijklmnopqrstuvwxyz'),' taps left') or contains(translate(@text,'ABCDEFGHIJKLMNOPQRSTUVWXYZ','abcdefghijklmnopqrstuvwxyz'),' taps left')]', contextId: ''"}
{"timestamp":1618842258460,"level":"ALL","message":"04-19 11:24:18.127  4942  4966 I appium  : Waiting up to 10000ms for the device to idle"}
{"timestamp":1618842258460,"level":"ALL","message":"04-19 11:24:18.128  4942  4966 I appium  : The following attributes will be included to the page source: [content-desc, resource-id, text]"}
{"timestamp":1618842258469,"level":"ALL","message":"04-19 11:24:18.137  4942  4966 I appium  : Took 2ms to retrieve 0 matches for '//*[contains(translate(@content-desc,'ABCDEFGHIJKLMNOPQRSTUVWXYZ','abcdefghijklmnopqrstuvwxyz'),' taps left') or contains(translate(@resource-id,'ABCDEFGHIJKLMNOPQRSTUVWXYZ','abcdefghijklmnopqrstuvwxyz'),' taps left') or contains(translate(@text,'ABCDEFGHIJKLMNOPQRSTUVWXYZ','abcdefghijklmnopqrstuvwxyz'),' taps left')]' XPath query"}
{"timestamp":1618842258470,"level":"ALL","message":"04-19 11:24:18.138  4942  4966 I appium  : AppiumResponse: {\"sessionId\":\"d1f5a7c3-342c-4232-a5d7-45f95e7c7cca\",\"value\":[]}"}
{"timestamp":1618842258584,"level":"ALL","message":"04-19 11:24:18.250  1736  1750 I ActivityManager: Killing 3878:com.google.android.configupdater/u0a5 (adj 906): empty #17"}
{"timestamp":1618842258586,"level":"ALL","message":"04-19 11:24:18.254  2240  5028 I Vision  : Requesting optional module download of ocr."}
{"timestamp":1618842258587,"level":"ALL","message":"04-19 11:24:18.255  2240  5028 I Vision  : Checking for download completion for 130918 -- ocr"}
{"timestamp":1618842258634,"level":"ALL","message":"04-19 11:24:18.301  1736  2852 D ActivityManager: cleanUpApplicationRecord -- 3878"}
{"timestamp":1618842258685,"level":"ALL","message":"04-19 11:24:18.353  4942  4966 I appium  : channel read: POST /wd/hub/session/d1f5a7c3-342c-4232-a5d7-45f95e7c7cca/elements"}
{"timestamp":1618842258686,"level":"ALL","message":"04-19 11:24:18.353  4942  4966 I appium  : FindElements command"}
{"timestamp":1618842258687,"level":"ALL","message":"04-19 11:24:18.354  4942  4966 I appium  : method: 'xpath', selector: '//*[contains(translate(@content-desc,'ABCDEFGHIJKLMNOPQRSTUVWXYZ','abcdefghijklmnopqrstuvwxyz'),' taps left') or contains(translate(@resource-id,'ABCDEFGHIJKLMNOPQRSTUVWXYZ','abcdefghijklmnopqrstuvwxyz'),' taps left') or contains(translate(@text,'ABCDEFGHIJKLMNOPQRSTUVWXYZ','abcdefghijklmnopqrstuvwxyz'),' taps left')]', contextId: ''"}
{"timestamp":1618842258687,"level":"ALL","message":"04-19 11:24:18.354  4942  4966 I appium  : Waiting up to 10000ms for the device to idle"}
{"timestamp":1618842258687,"level":"ALL","message":"04-19 11:24:18.354  4942  4966 I appium  : The following attributes will be included to the page source: [content-desc, resource-id, text]"}
{"timestamp":1618842258695,"level":"ALL","message":"04-19 11:24:18.363  4942  4966 I appium  : Took 3ms to retrieve 0 matches for '//*[contains(translate(@content-desc,'ABCDEFGHIJKLMNOPQRSTUVWXYZ','abcdefghijklmnopqrstuvwxyz'),' taps left') or contains(translate(@resource-id,'ABCDEFGHIJKLMNOPQRSTUVWXYZ','abcdefghijklmnopqrstuvwxyz'),' taps left') or contains(translate(@text,'ABCDEFGHIJKLMNOPQRSTUVWXYZ','abcdefghijklmnopqrstuvwxyz'),' taps left')]' XPath query"}
{"timestamp":1618842258696,"level":"ALL","message":"04-19 11:24:18.363  4942  4966 I appium  : AppiumResponse: {\"sessionId\":\"d1f5a7c3-342c-4232-a5d7-45f95e7c7cca\",\"value\":[]}"}
{"timestamp":1618842258907,"level":"ALL","message":"04-19 11:24:18.574  4942  4966 I appium  : channel read: POST /wd/hub/session/d1f5a7c3-342c-4232-a5d7-45f95e7c7cca/elements"}
{"timestamp":1618842258907,"level":"ALL","message":"04-19 11:24:18.574  4942  4966 I appium  : FindElements command"}
{"timestamp":1618842258907,"level":"ALL","message":"04-19 11:24:18.575  4942  4966 I appium  : method: 'xpath', selector: '//*[contains(translate(@content-desc,'ABCDEFGHIJKLMNOPQRSTUVWXYZ','abcdefghijklmnopqrstuvwxyz'),' taps left') or contains(translate(@resource-id,'ABCDEFGHIJKLMNOPQRSTUVWXYZ','abcdefghijklmnopqrstuvwxyz'),' taps left') or contains(translate(@text,'ABCDEFGHIJKLMNOPQRSTUVWXYZ','abcdefghijklmnopqrstuvwxyz'),' taps left')]', contextId: ''"}
{"timestamp":1618842258907,"level":"ALL","message":"04-19 11:24:18.575  4942  4966 I appium  : Waiting up to 10000ms for the device to idle"}
{"timestamp":1618842258908,"level":"ALL","message":"04-19 11:24:18.576  4942  4966 I appium  : The following attributes will be included to the page source: [content-desc, resource-id, text]"}
{"timestamp":1618842258917,"level":"ALL","message":"04-19 11:24:18.585  4942  4966 I appium  : Took 3ms to retrieve 0 matches for '//*[contains(translate(@content-desc,'ABCDEFGHIJKLMNOPQRSTUVWXYZ','abcdefghijklmnopqrstuvwxyz'),' taps left') or contains(translate(@resource-id,'ABCDEFGHIJKLMNOPQRSTUVWXYZ','abcdefghijklmnopqrstuvwxyz'),' taps left') or contains(translate(@text,'ABCDEFGHIJKLMNOPQRSTUVWXYZ','abcdefghijklmnopqrstuvwxyz'),' taps left')]' XPath query"}
{"timestamp":1618842258919,"level":"ALL","message":"04-19 11:24:18.585  4942  4966 I appium  : AppiumResponse: {\"sessionId\":\"d1f5a7c3-342c-4232-a5d7-45f95e7c7cca\",\"value\":[]}"}
{"timestamp":1618842258927,"level":"ALL","message":"04-19 11:24:18.595  4942  4966 I appium  : channel read: GET /wd/hub/session/d1f5a7c3-342c-4232-a5d7-45f95e7c7cca/screenshot"}
{"timestamp":1618842258929,"level":"ALL","message":"04-19 11:24:18.595  4942  4966 I appium  : CaptureScreenshot command"}
{"timestamp":1618842258957,"level":"ALL","message":"04-19 11:24:18.625  1347  1790 E SurfaceFlinger: ro.sf.lcd_density must be defined as a build property"}
{"timestamp":1618842258961,"level":"ALL","message":"04-19 11:24:18.628  1347  1362 D gralloc_ranchu: gralloc_alloc: Creating ashmem region of size 14745600"}
{"timestamp":1618842258986,"level":"ALL","message":"04-19 11:24:18.652  5043  5043 D         : HostConnection::get() New Host Connection established 0xa6a9b2c0, tid 5043"}
{"timestamp":1618842259296,"level":"ALL","message":"04-19 11:24:18.963  4942  4966 I appium  : AppiumResponse: {\"sessionId\":\"d1f5a7c3-342c-4232-a5d7-45f95e7c7cca\",\"value\":\"iVBORw0KGgoAAAANSUhEUgAABaAAAAoACAYAAABH9IXPAAAABHNCSVQICAgIfAhkiAAAIABJREFU\\neJzs3XtwV+WdP/BPEnLjGhBBEDCKoFIuEYuKWomrVunakrq9Wbc12l0d7UXc7nZn7Fix7Wxb211g\\nup3t2mnF2e7autsVqzvValeoYgUFAl5QruEeIoSEW2IC5PeHP7KEXAk5+Ybk9ZphyDnnOc/5fDnh\\nn3eef…"}
{"timestamp":1618842259319,"level":"ALL","message":"04-19 11:24:18.987  4942  4966 I appium  : channel read: GET /wd/hub/session/d1f5a7c3-342c-4232-a5d7-45f95e7c7cca/source"}
{"timestamp":1618842259319,"level":"ALL","message":"04-19 11:24:18.987  4942  4966 I appium  : Source command"}
{"timestamp":1618842259319,"level":"ALL","message":"04-19 11:24:18.987  4942  4966 I appium  : Waiting up to 10000ms for the device to idle"}
{"timestamp":1618842259340,"level":"ALL","message":"04-19 11:24:19.008  4942  4966 I appium  : AppiumResponse: {\"sessionId\":\"d1f5a7c3-342c-4232-a5d7-45f95e7c7cca\",\"value\":\"<?xml version='1.0' encoding='UTF-8' standalone='yes' ?>\\r\\n<hierarchy index=\\\"0\\\" class=\\\"hierarchy\\\" rotation=\\\"0\\\" width=\\\"1440\\\" height=\\\"2392\\\">\\r\\n  <android.widget.FrameLayout index=\\\"0\\\" package=\\\"org.nativescript.angularapp\\\" clas…"}