
{"timestamp":1618842259362,"level":"ALL","message":"04-19 11:24:19.030  4942  4966 I appium  : channel read: POST /wd/hub/session/d1f5a7c3-342c-4232-a5d7-45f95e7c7cca/elements"}
{"timestamp":1618842259363,"level":"ALL","message":"04-19 11:24:19.030  4942  4966 I appium  : FindElements command"}
{"timestamp":1618842259363,"level":"ALL","message":"04-19 11:24:19.031  4942  4966 I appium  : method: 'xpath', selector: '/hierarchy/android.widget.FrameLayout/android.widget.LinearLayout/android.widget.FrameLayout/android.widget.LinearLayout/android.widget.FrameLayout/android.view.ViewGroup/android.view.ViewGroup/android.view.ViewGroup[2]/android.widget.EditText[1]', contextId: ''"}
{"timestamp":1618842259363,"level":"ALL","message":"04-19 11:24:19.031  4942  4966 I appium  : Waiting up to 10000ms for the device to idle"}
{"timestamp":1618842259364,"level":"ALL","message":"04-19 11:24:19.032  4942  4966 I appium  : The following attributes will be included to the page source: []"}
{"timestamp":1618842259371,"level":"ALL","message":"04-19 11:24:19.039  4942  4966 I appium  : Took 0ms to retrieve 0 matches for '/hierarchy/android.widget.FrameLayout/android.widget.LinearLayout/android.widget.FrameLayout/android.widget.LinearLayout/android.widget.FrameLayout/android.view.ViewGroup/android.view.ViewGroup/android.view.ViewGroup[2]/android.widget.EditText[1]' XPath query"}
{"timestamp":1618842259372,"level":"ALL","message":"04-19 11:24:19.039  4942  4966 I appium  : AppiumResponse: {\"sessionId\":\"d1f5a7c3-342c-4232-a5d7-45f95e7c7cca\",\"value\":[]}"}
{"timestamp":1618842259580,"level":"ALL","message":"04-19 11:24:19.248  4942  4966 I appium  : channel read: POST /wd/hub/session/d1f5a7c3-342c-4232-a5d7-45f95e7c7cca/elements"}
{"timestamp":1618842259580,"level":"ALL","message":"04-19 11:24:19.248  4942  4966 I appium  : FindElements command"}
{"timestamp":1618842259581,"level":"ALL","message":"04-19 11:24:19.248  4942  4966 I appium  : method: 'xpath', selector: '/hierarchy/android.widget.FrameLayout/android.widget.LinearLayout/android.widget.FrameLayout/android.widget.LinearLayout/android.widget.FrameLayout/android.view.ViewGroup/android.view.ViewGroup/android.view.ViewGroup[2]/android.widget.EditText[1]', contextId: ''"}
{"timestamp":1618842259581,"level":"ALL","message":"04-19 11:24:19.248  4942  4966 I appium  : Waiting up to 10000ms for the device to idle"}
{"timestamp":1618842259582,"level":"ALL","message":"04-19 11:24:19.249  4942  4966 I appium  : The following attributes will be included to the page source: []"}
{"timestamp":1618842259587,"level":"ALL","message":"04-19 11:24:19.255  4942  4966 I appium  : Took 0ms to retrieve 0 matches for '/hierarchy/android.widget.FrameLayout/android.widget.LinearLayout/android.widget.FrameLayout/android.widget.LinearLayout/android.widget.FrameLayout/android.view.ViewGroup/android.view.ViewGroup/android.view.ViewGroup[2]/android.widget.EditText[1]' XPath query"}
{"timestamp":1618842259589,"level":"ALL","message":"04-19 11:24:19.255  4942  4966 I appium  : AppiumResponse: {\"sessionId\":\"d1f5a7c3-342c-4232-a5d7-45f95e7c7cca\",\"value\":[]}"}
{"timestamp":1618842259797,"level":"ALL","message":"04-19 11:24:19.465  4942  4966 I appium  : channel read: POST /wd/hub/session/d1f5a7c3-342c-4232-a5d7-45f95e7c7cca/elements"}
{"timestamp":1618842259797,"level":"ALL","message":"04-19 11:24:19.465  4942  4966 I appium  : FindElements command"}
{"timestamp":1618842259799,"level":"ALL","message":"04-19 11:24:19.466  4942  4966 I appium  : method: 'xpath', selector: '/hierarchy/android.widget.FrameLayout/android.widget.LinearLayout/android.widget.FrameLayout/android.widget.LinearLayout/android.widget.FrameLayout/android.view.ViewGroup/android.view.ViewGroup/android.view.ViewGroup[2]/android.widget.EditText[1]', contextId: ''"}
{"timestamp":1618842259799,"level":"ALL","message":"04-19 11:24:19.466  4942  4966 I appium  : Waiting up to 10000ms for the device to idle"}
{"timestamp":1618842259799,"level":"ALL","message":"04-19 11:24:19.467  4942  4966 I appium  : The following attributes will be included to the page source: []"}
{"timestamp":1618842259805,"level":"ALL","message":"04-19 11:24:19.473  4942  4966 I appium  : Took 0ms to retrieve 0 matches for '/hierarchy/android.widget.FrameLayout/android.widget.LinearLayout/android.widget.FrameLayout/android.widget.LinearLayout/android.widget.FrameLayout/android.view.ViewGroup/android.view.ViewGroup/android.view.ViewGroup[2]/android.widget.EditText[1]' XPath query"}
{"timestamp":1618842259805,"level":"ALL","message":"04-19 11:24:19.473  4942  4966 I appium  : AppiumResponse: {\"sessionId\":\"d1f5a7c3-342c-4232-a5d7-45f95e7c7cca\",\"value\":[]}"}
{"timestamp":1618842260017,"level":"ALL","message":"04-19 11:24:19.683  4942  4966 I appium  : channel read: POST /wd/hub/session/d1f5a7c3-342c-4232-a5d7-45f95e7c7cca/elements"}
{"timestamp":1618842260017,"level":"ALL","message":"04-19 11:24:19.683  4942  4966 I appium  : FindElements command"}
{"timestamp":1618842260017,"level":"ALL","message":"04-19 11:24:19.683  4942  4966 I appium  : method: 'xpath', selector: '/hierarchy/android.widget.FrameLayout/android.widget.LinearLayout/android.widget.FrameLayout/android.widget.LinearLayout/android.widget.FrameLayout/android.view.ViewGroup/android.view.ViewGroup/android.view.ViewGroup[2]/android.widget.EditText[1]', contextId: ''"}
{"timestamp":1618842260017,"level":"ALL","message":"04-19 11:24:19.683  4942  4966 I appium  : Waiting up to 10000ms for the device to idle"}
{"timestamp":1618842260017,"level":"ALL","message":"04-19 11:24:19.684  4942  4966 I appium  : The following attributes will be included to the page source: []"}
{"timestamp":1618842260022,"level":"ALL","message":"04-19 11:24:19.690  4942  4966 I appium  : Took 0ms to retrieve 0 matches for '/hierarchy/android.widget.FrameLayout/android.widget.LinearLayout/android.widget.FrameLayout/android.widget.LinearLayout/android.widget.FrameLayout/android.view.ViewGroup/android.view.ViewGroup/android.view.ViewGroup[2]/android.widget.EditText[1]' XPath query"}
{"timestamp":1618842260024,"level":"ALL","message":"04-19 11:24:19.691  4942  4966 I appium  : AppiumResponse: {\"sessionId\":\"d1f5a7c3-342c-4232-a5d7-45f95e7c7cca\",\"value\":[]}"}
{"timestamp":1618842260235,"level":"ALL","message":"04-19 11:24:19.903  4942  4966 I appium  : channel read: POST /wd/hub/session/d1f5a7c3-342c-4232-a5d7-45f95e7c7cca/elements"}
{"timestamp":1618842260235,"level":"ALL","message":"04-19 11:24:19.903  4942  4966 I appium  : FindElements command"}
{"timestamp":1618842260236,"level":"ALL","message":"04-19 11:24:19.903  4942  4966 I appium  : method: 'xpath', selector: '/hierarchy/android.widget.FrameLayout/android.widget.LinearLayout/android.widget.FrameLayout/android.widget.LinearLayout/android.widget.FrameLayout/android.view.ViewGroup/android.view.ViewGroup/android.view.ViewGroup[2]/android.widget.EditText[1]', contextId: ''"}
{"timestamp":1618842260236,"level":"ALL","message":"04-19 11:24:19.903  4942  4966 I appium  : Waiting up to 10000ms for the device to idle"}
{"timestamp":1618842260236,"level":"ALL","message":"04-19 11:24:19.904  4942  4966 I appium  : The following attributes will be included to the page source: []"}
{"timestamp":1618842260241,"level":"ALL","message":"04-19 11:24:19.909  4942  4966 I appium  : Took 0ms to retrieve 0 matches for '/hierarchy/android.widget.FrameLayout/android.widget.LinearLayout/android.widget.FrameLayout/android.widget.LinearLayout/android.widget.FrameLayout/android.view.ViewGroup/android.view.ViewGroup/android.view.ViewGroup[2]/android.widget.EditText[1]' XPath query"}
{"timestamp":1618842260241,"level":"ALL","message":"04-19 11:24:19.910  4942  4966 I appium  : AppiumResponse: {\"sessionId\":\"d1f5a7c3-342c-4232-a5d7-45f95e7c7cca\",\"value\":[]}"}
{"timestamp":1618842260453,"level":"ALL","message":"04-19 11:24:20.120  4942  4966 I appium  : channel read: POST /wd/hub/session/d1f5a7c3-342c-4232-a5d7-45f95e7c7cca/elements"}
{"timestamp":1618842260453,"level":"ALL","message":"04-19 11:24:20.120  4942  4966 I appium  : FindElements command"}
{"timestamp":1618842260454,"level":"ALL","message":"04-19 11:24:20.121  4942  4966 I appium  : method: 'xpath', selector: '/hierarchy/android.widget.FrameLayout/android.widget.LinearLayout/android.widget.FrameLayout/android.widget.LinearLayout/android.widget.FrameLayout/android.view.ViewGroup/android.view.ViewGroup/android.view.ViewGroup[2]/android.widget.EditText[1]', contextId: ''"}
{"timestamp":1618842260454,"level":"ALL","message":"04-19 11:24:20.121  4942  4966 I appium  : Waiting up to 10000ms for the device to idle"}
{"timestamp":1618842260454,"level":"ALL","message":"04-19 11:24:20.121  4942  4966 I appium  : The following attributes will be included to the page source: []"}
{"timestamp":1618842260461,"level":"ALL","message":"04-19 11:24:20.129  4942  4966 I appium  : Took 0ms to retrieve 0 matches for '/hierarchy/android.widget.FrameLayout/android.widget.LinearLayout/android.widget.FrameLayout/android.widget.LinearLayout/android.widget.FrameLayout/android.view.ViewGroup/android.view.ViewGroup/android.view.ViewGroup[2]/android.widget.EditText[1]' XPath query"}
{"timestamp":1618842260462,"level":"ALL","message":"04-19 11:24:20.130  4942  4966 I appium  : AppiumResponse: {\"sessionId\":\"d1f5a7c3-342c-4232-a5d7-45f95e7c7cca\",\"value\":[]}"}
{"timestamp":1618842260676,"level":"ALL","message":"04-19 11:24:20.344  4942  4966 I appium  : channel read: POST /wd/hub/session/d1f5a7c3-342c-4232-a5d7-45f95e7c7cca/elements"}
{"timestamp":1618842260676,"level":"ALL","message":"04-19 11:24:20.344  4942  4966 I appium  : FindElements command"}
{"timestamp":1618842260677,"level":"ALL","message":"04-19 11:24:20.344  4942  4966 I appium  : method: 'xpath', selector: '/hierarchy/android.widget.FrameLayout/android.widget.LinearLayout/android.widget.FrameLayout/android.widget.LinearLayout/android.widget.FrameLayout/android.view.ViewGroup/android.view.ViewGroup/android.view.ViewGroup[2]/android.widget.EditText[1]', contextId: ''"}
{"timestamp":1618842260677,"level":"ALL","message":"04-19 11:24:20.345  4942  4966 I appium  : Waiting up to 10000ms for the device to idle"}
{"timestamp":1618842260678,"level":"ALL","message":"04-19 11:24:20.345  4942  4966 I appium  : The following attributes will be included to the page source: []"}
{"timestamp":1618842260683,"level":"ALL","message":"04-19 11:24:20.351  4942  4966 I appium  : Took 0ms to retrieve 0 matches for '/hierarchy/android.widget.FrameLayout/android.widget.LinearLayout/android.widget.FrameLayout/android.widget.LinearLayout/android.widget.FrameLayout/android.view.ViewGroup/android.view.ViewGroup/android.view.ViewGroup[2]/android.widget.EditText[1]' XPath query"}
{"timestamp":1618842260684,"level":"ALL","message":"04-19 11:24:20.351  4942  4966 I appium  : AppiumResponse: {\"sessionId\":\"d1f5a7c3-342c-4232-a5d7-45f95e7c7cca\",\"value\":[]}"}
{"timestamp":1618842260903,"level":"ALL","message":"04-19 11:24:20.566  4942  4966 I appium  : channel read: POST /wd/hub/session/d1f5a7c3-342c-4232-a5d7-45f95e7c7cca/elements"}
{"timestamp":1618842260903,"level":"ALL","message":"04-19 11:24:20.566  4942  4966 I appium  : FindElements command"}
{"timestamp":1618842260903,"level":"ALL","message":"04-19 11:24:20.567  4942  4966 I appium  : method: 'xpath', selector: '/hierarchy/android.widget.FrameLayout/android.widget.LinearLayout/android.widget.FrameLayout/android.widget.LinearLayout/android.widget.FrameLayout/android.view.ViewGroup/android.view.ViewGroup/android.view.ViewGroup[2]/android.widget.EditText[1]', contextId: ''"}
{"timestamp":1618842260903,"level":"ALL","message":"04-19 11:24:20.567  4942  4966 I appium  : Waiting up to 10000ms for the device to idle"}
{"timestamp":1618842260905,"level":"ALL","message":"04-19 11:24:20.569  4942  4966 I appium  : The following attributes will be included to the page source: []"}
{"timestamp":1618842260911,"level":"ALL","message":"04-19 11:24:20.579  4942  4966 I appium  : Took 0ms to retrieve 0 matches for '/hierarchy/android.widget.FrameLayout/android.widget.LinearLayout/android.widget.FrameLayout/android.widget.LinearLayout/android.widget.FrameLayout/android.view.ViewGroup/android.view.ViewGroup/android.view.ViewGroup[2]/android.widget.EditText[1]' XPath query"}
{"timestamp":1618842260913,"level":"ALL","message":"04-19 11:24:20.579  4942  4966 I appium  : AppiumResponse: {\"sessionId\":\"d1f5a7c3-342c-4232-a5d7-45f95e7c7cca\",\"value\":[]}"}
{"timestamp":1618842261123,"level":"ALL","message":"04-19 11:24:20.791  4942  4966 I appium  : channel read: POST /wd/hub/session/d1f5a7c3-342c-4232-a5d7-45f95e7c7cca/elements"}
{"timestamp":1618842261123,"level":"ALL","message":"04-19 11:24:20.791  4942  4966 I appium  : FindElements command"}
{"timestamp":1618842261123,"level":"ALL","message":"04-19 11:24:20.791  4942  4966 I appium  : method: 'xpath', selector: '/hierarchy/android.widget.FrameLayout/android.widget.LinearLayout/android.widget.FrameLayout/android.widget.LinearLayout/android.widget.FrameLayout/android.view.ViewGroup/android.view.ViewGroup/android.view.ViewGroup[2]/android.widget.EditText[1]', contextId: ''"}
{"timestamp":1618842261123,"level":"ALL","message":"04-19 11:24:20.791  4942  4966 I appium  : Waiting up to 10000ms for the device to idle"}
{"timestamp":1618842261124,"level":"ALL","message":"04-19 11:24:20.792  4942  4966 I appium  : The following attributes will be included to the page source: []"}
{"timestamp":1618842261130,"level":"ALL","message":"04-19 11:24:20.798  4942  4966 I appium  : Took 0ms to retrieve 0 matches for '/hierarchy/android.widget.FrameLayout/android.widget.LinearLayout/android.widget.FrameLayout/android.widget.LinearLayout/android.widget.FrameLayout/android.view.ViewGroup/android.view.ViewGroup/android.view.ViewGroup[2]/android.widget.EditText[1]' XPath query"}
{"timestamp":1618842261131,"level":"ALL","message":"04-19 11:24:20.799  4942  4966 I appium  : AppiumResponse: {\"sessionId\":\"d1f5a7c3-342c-4232-a5d7-45f95e7c7cca\",\"value\":[]}"}
{"timestamp":1618842261340,"level":"ALL","message":"04-19 11:24:21.008  4942  4966 I appium  : channel read: POST /wd/hub/session/d1f5a7c3-342c-4232-a5d7-45f95e7c7cca/elements"}
{"timestamp":1618842261340,"level":"ALL","message":"04-19 11:24:21.009  4942  4966 I appium  : FindElements command"}
{"timestamp":1618842261342,"level":"ALL","message":"04-19 11:24:21.009  4942  4966 I appium  : method: 'xpath', selector: '/hierarchy/android.widget.FrameLayout/android.widget.LinearLayout/android.widget.FrameLayout/android.widget.LinearLayout/android.widget.FrameLayout/android.view.ViewGroup/android.view.ViewGroup/android.view.ViewGroup[2]/android.widget.EditText[1]', contextId: ''"}
{"timestamp":1618842261342,"level":"ALL","message":"04-19 11:24:21.009  4942  4966 I appium  : Waiting up to 10000ms for the device to idle"}
{"timestamp":1618842261343,"level":"ALL","message":"04-19 11:24:21.010  4942  4966 I appium  : The following attributes will be included to the page source: []"}
{"timestamp":1618842261351,"level":"ALL","message":"04-19 11:24:21.019  4942  4966 I appium  : Took 0ms to retrieve 0 matches for '/hierarchy/android.widget.FrameLayout/android.widget.LinearLayout/android.widget.FrameLayout/android.widget.LinearLayout/android.widget.FrameLayout/android.view.ViewGroup/android.view.ViewGroup/android.view.ViewGroup[2]/android.widget.EditText[1]' XPath query"}
{"timestamp":1618842261352,"level":"ALL","message":"04-19 11:24:21.020  4942  4966 I appium  : AppiumResponse: {\"sessionId\":\"d1f5a7c3-342c-4232-a5d7-45f95e7c7cca\",\"value\":[]}"}
{"timestamp":1618842261562,"level":"ALL","message":"04-19 11:24:21.230  4942  4966 I appium  : channel read: POST /wd/hub/session/d1f5a7c3-342c-4232-a5d7-45f95e7c7cca/elements"}
{"timestamp":1618842261562,"level":"ALL","message":"04-19 11:24:21.230  4942  4966 I appium  : FindElements command"}
{"timestamp":1618842261563,"level":"ALL","message":"04-19 11:24:21.230  4942  4966 I appium  : method: 'xpath', selector: '/hierarchy/android.widget.FrameLayout/android.widget.LinearLayout/android.widget.FrameLayout/android.widget.LinearLayout/android.widget.FrameLayout/android.view.ViewGroup/android.view.ViewGroup/android.view.ViewGroup[2]/android.widget.EditText[1]', contextId: ''"}
{"timestamp":1618842261563,"level":"ALL","message":"04-19 11:24:21.231  4942  4966 I appium  : Waiting up to 10000ms for the device to idle"}
{"timestamp":1618842261564,"level":"ALL","message":"04-19 11:24:21.231  4942  4966 I appium  : The following attributes will be included to the page source: []"}
{"timestamp":1618842261569,"level":"ALL","message":"04-19 11:24:21.237  4942  4966 I appium  : Took 0ms to retrieve 0 matches for '/hierarchy/android.widget.FrameLayout/android.widget.LinearLayout/android.widget.FrameLayout/android.widget.LinearLayout/android.widget.FrameLayout/android.view.ViewGroup/android.view.ViewGroup/android.view.ViewGroup[2]/android.widget.EditText[1]' XPath query"}
{"timestamp":1618842261571,"level":"ALL","message":"04-19 11:24:21.237  4942  4966 I appium  : AppiumResponse: {\"sessionId\":\"d1f5a7c3-342c-4232-a5d7-45f95e7c7cca\",\"value\":[]}"}
{"timestamp":1618842261783,"level":"ALL","message":"04-19 11:24:21.451  4942  4966 I appium  : channel read: POST /wd/hub/session/d1f5a7c3-342c-4232-a5d7-45f95e7c7cca/elements"}
{"timestamp":1618842261783,"level":"ALL","message":"04-19 11:24:21.451  4942  4966 I appium  : FindElements command"}
{"timestamp":1618842261784,"level":"ALL","message":"04-19 11:24:21.452  4942  4966 I appium  : method: 'xpath', selector: '/hierarchy/android.widget.FrameLayout/android.widget.LinearLayout/android.widget.FrameLayout/android.widget.LinearLayout/android.widget.FrameLayout/android.view.ViewGroup/android.view.ViewGroup/android.view.ViewGroup[2]/android.widget.EditText[1]', contextId: ''"}
{"timestamp":1618842261784,"level":"ALL","message":"04-19 11:24:21.452  4942  4966 I appium  : Waiting up to 10000ms for the device to idle"}
{"timestamp":1618842261785,"level":"ALL","message":"04-19 11:24:21.453  4942  4966 I appium  : The following attributes will be included to the page source: []"}
{"timestamp":1618842261790,"level":"ALL","message":"04-19 11:24:21.458  4942  4966 I appium  : Took 0ms to retrieve 0 matches for '/hierarchy/android.widget.FrameLayout/android.widget.LinearLayout/android.widget.FrameLayout/android.widget.LinearLayout/android.widget.FrameLayout/android.view.ViewGroup/android.view.ViewGroup/android.view.ViewGroup[2]/android.widget.EditText[1]' XPath query"}
{"timestamp":1618842261791,"level":"ALL","message":"04-19 11:24:21.458  4942  4966 I appium  : AppiumResponse: {\"sessionId\":\"d1f5a7c3-342c-4232-a5d7-45f95e7c7cca\",\"value\":[]}"}
{"timestamp":1618842262001,"level":"ALL","message":"04-19 11:24:21.669  4942  4966 I appium  : channel read: POST /wd/hub/session/d1f5a7c3-342c-4232-a5d7-45f95e7c7cca/elements"}
{"timestamp":1618842262001,"level":"ALL","message":"04-19 11:24:21.670  4942  4966 I appium  : FindElements command"}
{"timestamp":1618842262003,"level":"ALL","message":"04-19 11:24:21.670  4942  4966 I appium  : method: 'xpath', selector: '/hierarchy/android.widget.FrameLayout/android.widget.LinearLayout/android.widget.FrameLayout/android.widget.LinearLayout/android.widget.FrameLayout/android.view.ViewGroup/android.view.ViewGroup/android.view.ViewGroup[2]/android.widget.EditText[1]', contextId: ''"}
{"timestamp":1618842262003,"level":"ALL","message":"04-19 11:24:21.670  4942  4966 I appium  : Waiting up to 10000ms for the device to idle"}
{"timestamp":1618842262003,"level":"ALL","message":"04-19 11:24:21.671  4942  4966 I appium  : The following attributes will be included to the page source: []"}
{"timestamp":1618842262008,"level":"ALL","message":"04-19 11:24:21.676  4942  4966 I appium  : Took 0ms to retrieve 0 matches for '/hierarchy/android.widget.FrameLayout/android.widget.LinearLayout/android.widget.FrameLayout/android.widget.LinearLayout/android.widget.FrameLayout/android.view.ViewGroup/android.view.ViewGroup/android.view.ViewGroup[2]/android.widget.EditText[1]' XPath query"}
{"timestamp":1618842262010,"level":"ALL","message":"04-19 11:24:21.676  4942  4966 I appium  : AppiumResponse: {\"sessionId\":\"d1f5a7c3-342c-4232-a5d7-45f95e7c7cca\",\"value\":[]}"}
{"timestamp":1618842262219,"level":"ALL","message":"04-19 11:24:21.886  4942  4966 I appium  : channel read: POST /wd/hub/session/d1f5a7c3-342c-4232-a5d7-45f95e7c7cca/elements"}
{"timestamp":1618842262219,"level":"ALL","message":"04-19 11:24:21.886  4942  4966 I appium  : FindElements command"}
{"timestamp":1618842262219,"level":"ALL","message":"04-19 11:24:21.887  4942  4966 I appium  : method: 'xpath', selector: '/hierarchy/android.widget.FrameLayout/android.widget.LinearLayout/android.widget.FrameLayout/android.widget.LinearLayout/android.widget.FrameLayout/android.view.ViewGroup/android.view.ViewGroup/android.view.ViewGroup[2]/android.widget.EditText[1]', contextId: ''"}
{"timestamp":1618842262220,"level":"ALL","message":"04-19 11:24:21.887  4942  4966 I appium  : Waiting up to 10000ms for the device to idle"}
{"timestamp":1618842262221,"level":"ALL","message":"04-19 11:24:21.888  4942  4966 I appium  : The following attributes will be included to the page source: []"}
{"timestamp":1618842262226,"level":"ALL","message":"04-19 11:24:21.894  4942  4966 I appium  : Took 1ms to retrieve 0 matches for '/hierarchy/android.widget.FrameLayout/android.widget.LinearLayout/android.widget.FrameLayout/android.widget.LinearLayout/android.widget.FrameLayout/android.view.ViewGroup/android.view.ViewGroup/android.view.ViewGroup[2]/android.widget.EditText[1]' XPath query"}
{"timestamp":1618842262226,"level":"ALL","message":"04-19 11:24:21.895  4942  4966 I appium  : AppiumResponse: {\"sessionId\":\"d1f5a7c3-342c-4232-a5d7-45f95e7c7cca\",\"value\":[]}"}
{"timestamp":1618842262437,"level":"ALL","message":"04-19 11:24:22.105  4942  4966 I appium  : channel read: POST /wd/hub/session/d1f5a7c3-342c-4232-a5d7-45f95e7c7cca/elements"}
{"timestamp":1618842262437,"level":"ALL","message":"04-19 11:24:22.105  4942  4966 I appium  : FindElements command"}
{"timestamp":1618842262437,"level":"ALL","message":"04-19 11:24:22.105  4942  4966 I appium  : method: 'xpath', selector: '/hierarchy/android.widget.FrameLayout/android.widget.LinearLayout/android.widget.FrameLayout/android.widget.LinearLayout/android.widget.FrameLayout/android.view.ViewGroup/android.view.ViewGroup/android.view.ViewGroup[2]/android.widget.EditText[1]', contextId: ''"}
{"timestamp":1618842262438,"level":"ALL","message":"04-19 11:24:22.105  4942  4966 I appium  : Waiting up to 10000ms for the device to idle"}
{"timestamp":1618842262439,"level":"ALL","message":"04-19 11:24:22.107  4942  4966 I appium  : The following attributes will be included to the page source: []"}
{"timestamp":1618842262446,"level":"ALL","message":"04-19 11:24:22.114  4942  4966 I appium  : Took 0ms to retrieve 0 matches for '/hierarchy/android.widget.FrameLayout/android.widget.LinearLayout/android.widget.FrameLayout/android.widget.LinearLayout/android.widget.FrameLayout/android.view.ViewGroup/android.view.ViewGroup/android.view.ViewGroup[2]/android.widget.EditText[1]' XPath query"}
{"timestamp":1618842262447,"level":"ALL","message":"04-19 11:24:22.114  4942  4966 I appium  : AppiumResponse: {\"sessionId\":\"d1f5a7c3-342c-4232-a5d7-45f95e7c7cca\",\"value\":[]}"}
{"timestamp":1618842262657,"level":"ALL","message":"04-19 11:24:22.325  4942  4966 I appium  : channel read: POST /wd/hub/session/d1f5a7c3-342c-4232-a5d7-45f95e7c7cca/elements"}
{"timestamp":1618842262657,"level":"ALL","message":"04-19 11:24:22.325  4942  4966 I appium  : FindElements command"}
{"timestamp":1618842262659,"level":"ALL","message":"04-19 11:24:22.325  4942  4966 I appium  : method: 'xpath', selector: '/hierarchy/android.widget.FrameLayout/android.widget.LinearLayout/android.widget.FrameLayout/android.widget.LinearLayout/android.widget.FrameLayout/android.view.ViewGroup/android.view.ViewGroup/android.view.ViewGroup[2]/android.widget.EditText[1]', contextId: ''"}
{"timestamp":1618842262659,"level":"ALL","message":"04-19 11:24:22.326  4942  4966 I appium  : Waiting up to 10000ms for the device to idle"}
{"timestamp":1618842262659,"level":"ALL","message":"04-19 11:24:22.326  4942  4966 I appium  : The following attributes will be included to the page source: []"}
{"timestamp":1618842262664,"level":"ALL","message":"04-19 11:24:22.332  4942  4966 I appium  : Took 0ms to retrieve 0 matches for '/hierarchy/android.widget.FrameLayout/android.widget.LinearLayout/android.widget.FrameLayout/android.widget.LinearLayout/android.widget.FrameLayout/android.view.ViewGroup/android.view.ViewGroup/android.view.ViewGroup[2]/android.widget.EditText[1]' XPath query"}
{"timestamp":1618842262665,"level":"ALL","message":"04-19 11:24:22.332  4942  4966 I appium  : AppiumResponse: {\"sessionId\":\"d1f5a7c3-342c-4232-a5d7-45f95e7c7cca\",\"value\":[]}"}
{"timestamp":1618842262876,"level":"ALL","message":"04-19 11:24:22.544  4942  4966 I appium  : channel read: POST /wd/hub/session/d1f5a7c3-342c-4232-a5d7-45f95e7c7cca/elements"}
{"timestamp":1618842262876,"level":"ALL","message":"04-19 11:24:22.544  4942  4966 I appium  : FindElements command"}
{"timestamp":1618842262877,"level":"ALL","message":"04-19 11:24:22.544  4942  4966 I appium  : method: 'xpath', selector: '/hierarchy/android.widget.FrameLayout/android.widget.LinearLayout/android.widget.FrameLayout/android.widget.LinearLayout/android.widget.FrameLayout/android.view.ViewGroup/android.view.ViewGroup/android.view.ViewGroup[2]/android.widget.EditText[1]', contextId: ''"}
{"timestamp":1618842262877,"level":"ALL","message":"04-19 11:24:22.544  4942  4966 I appium  : Waiting up to 10000ms for the device to idle"}
{"timestamp":1618842262877,"level":"ALL","message":"04-19 11:24:22.545  4942  4966 I appium  : The following attributes will be included to the page source: []"}
{"timestamp":1618842262883,"level":"ALL","message":"04-19 11:24:22.551  4942  4966 I appium  : Took 0ms to retrieve 0 matches for '/hierarchy/android.widget.FrameLayout/android.widget.LinearLayout/android.widget.FrameLayout/android.widget.LinearLayout/android.widget.FrameLayout/android.view.ViewGroup/android.view.ViewGroup/android.view.ViewGroup[2]/android.widget.EditText[1]' XPath query"}
{"timestamp":1618842262885,"level":"ALL","message":"04-19 11:24:22.552  4942  4966 I appium  : AppiumResponse: {\"sessionId\":\"d1f5a7c3-342c-4232-a5d7-45f95e7c7cca\",\"value\":[]}"}
{"timestamp":1618842263095,"level":"ALL","message":"04-19 11:24:22.763  4942  4966 I appium  : channel read: POST /wd/hub/session/d1f5a7c3-342c-4232-a5d7-45f95e7c7cca/elements"}
{"timestamp":1618842263095,"level":"ALL","message":"04-19 11:24:22.763  4942  4966 I appium  : FindElements command"}
{"timestamp":1618842263095,"level":"ALL","message":"04-19 11:24:22.763  4942  4966 I appium  : method: 'xpath', selector: '/hierarchy/android.widget.FrameLayout/android.widget.LinearLayout/android.widget.FrameLayout/android.widget.LinearLayout/android.widget.FrameLayout/android.view.ViewGroup/android.view.ViewGroup/android.view.ViewGroup[2]/android.widget.EditText[1]', contextId: ''"}
{"timestamp":1618842263096,"level":"ALL","message":"04-19 11:24:22.763  4942  4966 I appium  : Waiting up to 10000ms for the device to idle"}
{"timestamp":1618842263097,"level":"ALL","message":"04-19 11:24:22.764  4942  4966 I appium  : The following attributes will be included to the page source: []"}
{"timestamp":1618842263102,"level":"ALL","message":"04-19 11:24:22.770  4942  4966 I appium  : Took 0ms to retrieve 0 matches for '/hierarchy/android.widget.FrameLayout/android.widget.LinearLayout/android.widget.FrameLayout/android.widget.LinearLayout/android.widget.FrameLayout/android.view.ViewGroup/android.view.ViewGroup/android.view.ViewGroup[2]/android.widget.EditText[1]' XPath query"}
{"timestamp":1618842263104,"level":"ALL","message":"04-19 11:24:22.770  4942  4966 I appium  : AppiumResponse: {\"sessionId\":\"d1f5a7c3-342c-4232-a5d7-45f95e7c7cca\",\"value\":[]}"}
{"timestamp":1618842263315,"level":"ALL","message":"04-19 11:24:22.983  4942  4966 I appium  : channel read: POST /wd/hub/session/d1f5a7c3-342c-4232-a5d7-45f95e7c7cca/elements"}
{"timestamp":1618842263318,"level":"ALL","message":"04-19 11:24:22.984  4942  4966 I appium  : FindElements command"}
{"timestamp":1618842263318,"level":"ALL","message":"04-19 11:24:22.984  4942  4966 I appium  : method: 'xpath', selector: '/hierarchy/android.widget.FrameLayout/android.widget.LinearLayout/android.widget.FrameLayout/android.widget.LinearLayout/android.widget.FrameLayout/android.view.ViewGroup/android.view.ViewGroup/android.view.ViewGroup[2]/android.widget.EditText[1]', contextId: ''"}
{"timestamp":1618842263318,"level":"ALL","message":"04-19 11:24:22.985  4942  4966 I appium  : Waiting up to 10000ms for the device to idle"}
{"timestamp":1618842263321,"level":"ALL","message":"04-19 11:24:22.986  4942  4966 I appium  : The following attributes will be included to the page source: []"}
{"timestamp":1618842263328,"level":"ALL","message":"04-19 11:24:22.994  4942  4966 I appium  : Took 0ms to retrieve 0 matches for '/hierarchy/android.widget.FrameLayout/android.widget.LinearLayout/android.widget.FrameLayout/android.widget.LinearLayout/android.widget.FrameLayout/android.view.ViewGroup/android.view.ViewGroup/android.view.ViewGroup[2]/android.widget.EditText[1]' XPath query"}
{"timestamp":1618842263328,"level":"ALL","message":"04-19 11:24:22.994  4942  4966 I appium  : AppiumResponse: {\"sessionId\":\"d1f5a7c3-342c-4232-a5d7-45f95e7c7cca\",\"value\":[]}"}
{"timestamp":1618842263538,"level":"ALL","message":"04-19 11:24:23.206  4942  4966 I appium  : channel read: POST /wd/hub/session/d1f5a7c3-342c-4232-a5d7-45f95e7c7cca/elements"}
{"timestamp":1618842263538,"level":"ALL","message":"04-19 11:24:23.206  4942  4966 I appium  : FindElements command"}
{"timestamp":1618842263540,"level":"ALL","message":"04-19 11:24:23.207  4942  4966 I appium  : method: 'xpath', selector: '/hierarchy/android.widget.FrameLayout/android.widget.LinearLayout/android.widget.FrameLayout/android.widget.LinearLayout/android.widget.FrameLayout/android.view.ViewGroup/android.view.ViewGroup/android.view.ViewGroup[2]/android.widget.EditText[1]', contextId: ''"}
{"timestamp":1618842263540,"level":"ALL","message":"04-19 11:24:23.207  4942  4966 I appium  : Waiting up to 10000ms for the device to idle"}
{"timestamp":1618842263541,"level":"ALL","message":"04-19 11:24:23.208  4942  4966 I appium  : The following attributes will be included to the page source: []"}
{"timestamp":1618842263545,"level":"ALL","message":"04-19 11:24:23.214  4942  4966 I appium  : Took 0ms to retrieve 0 matches for '/hierarchy/android.widget.FrameLayout/android.widget.LinearLayout/android.widget.FrameLayout/android.widget.LinearLayout/android.widget.FrameLayout/android.view.ViewGroup/android.view.ViewGroup/android.view.ViewGroup[2]/android.widget.EditText[1]' XPath query"}
{"timestamp":1618842263546,"level":"ALL","message":"04-19 11:24:23.214  4942  4966 I appium  : AppiumResponse: {\"sessionId\":\"d1f5a7c3-342c-4232-a5d7-45f95e7c7cca\",\"value\":[]}"}
{"timestamp":1618842263758,"level":"ALL","message":"04-19 11:24:23.425  4942  4966 I appium  : channel read: POST /wd/hub/session/d1f5a7c3-342c-4232-a5d7-45f95e7c7cca/elements"}
{"timestamp":1618842263758,"level":"ALL","message":"04-19 11:24:23.425  4942  4966 I appium  : FindElements command"}
{"timestamp":1618842263758,"level":"ALL","message":"04-19 11:24:23.426  4942  4966 I appium  : method: 'xpath', selector: '/hierarchy/android.widget.FrameLayout/android.widget.LinearLayout/android.widget.FrameLayout/android.widget.LinearLayout/android.widget.FrameLayout/android.view.ViewGroup/android.view.ViewGroup/android.view.ViewGroup[2]/android.widget.EditText[1]', contextId: ''"}
{"timestamp":1618842263758,"level":"ALL","message":"04-19 11:24:23.426  4942  4966 I appium  : Waiting up to 10000ms for the device to idle"}
{"timestamp":1618842263760,"level":"ALL","message":"04-19 11:24:23.426  4942  4966 I appium  : The following attributes will be included to the page source: []"}
{"timestamp":1618842263764,"level":"ALL","message":"04-19 11:24:23.432  4942  4966 I appium  : Took 0ms to retrieve 0 matches for '/hierarchy/android.widget.FrameLayout/android.widget.LinearLayout/android.widget.FrameLayout/android.widget.LinearLayout/android.widget.FrameLayout/android.view.ViewGroup/android.view.ViewGroup/android.view.ViewGroup[2]/android.widget.EditText[1]' XPath query"}
{"timestamp":1618842263766,"level":"ALL","message":"04-19 11:24:23.433  4942  4966 I appium  : AppiumResponse: {\"sessionId\":\"d1f5a7c3-342c-4232-a5d7-45f95e7c7cca\",\"value\":[]}"}
{"timestamp":1618842263768,"level":"ALL","message":"04-19 11:24:23.436  4942  4945 I art     : Do partial code cache collection, code=123KB, data=90KB"}
{"timestamp":1618842263768,"level":"ALL","message":"04-19 11:24:23.436  4942  4945 I art     : After code cache collection, code=118KB, data=87KB"}
{"timestamp":1618842263768,"level":"ALL","message":"04-19 11:24:23.436  4942  4945 I art     : Increasing code cache capacity to 512KB"}
{"timestamp":1618842263983,"level":"ALL","message":"04-19 11:24:23.648  4942  4966 I appium  : channel read: POST /wd/hub/session/d1f5a7c3-342c-4232-a5d7-45f95e7c7cca/elements"}
{"timestamp":1618842263983,"level":"ALL","message":"04-19 11:24:23.649  4942  4966 I appium  : FindElements command"}
{"timestamp":1618842263985,"level":"ALL","message":"04-19 11:24:23.649  4942  4966 I appium  : method: 'xpath', selector: '/hierarchy/android.widget.FrameLayout/android.widget.LinearLayout/android.widget.FrameLayout/android.widget.LinearLayout/android.widget.FrameLayout/android.view.ViewGroup/android.view.ViewGroup/android.view.ViewGroup[2]/android.widget.EditText[1]', contextId: ''"}
{"timestamp":1618842263985,"level":"ALL","message":"04-19 11:24:23.650  4942  4966 I appium  : Waiting up to 10000ms for the device to idle"}
{"timestamp":1618842263985,"level":"ALL","message":"04-19 11:24:23.650  4942  4966 I appium  : The following attributes will be included to the page source: []"}
{"timestamp":1618842263989,"level":"ALL","message":"04-19 11:24:23.657  4942  4966 I appium  : Took 0ms to retrieve 0 matches for '/hierarchy/android.widget.FrameLayout/android.widget.LinearLayout/android.widget.FrameLayout/android.widget.LinearLayout/android.widget.FrameLayout/android.view.ViewGroup/android.view.ViewGroup/android.view.ViewGroup[2]/android.widget.EditText[1]' XPath query"}
{"timestamp":1618842263991,"level":"ALL","message":"04-19 11:24:23.658  4942  4966 I appium  : AppiumResponse: {\"sessionId\":\"d1f5a7c3-342c-4232-a5d7-45f95e7c7cca\",\"value\":[]}"}
{"timestamp":1618842264202,"level":"ALL","message":"04-19 11:24:23.870  4942  4966 I appium  : channel read: POST /wd/hub/session/d1f5a7c3-342c-4232-a5d7-45f95e7c7cca/elements"}
{"timestamp":1618842264202,"level":"ALL","message":"04-19 11:24:23.870  4942  4966 I appium  : FindElements command"}
{"timestamp":1618842264203,"level":"ALL","message":"04-19 11:24:23.870  4942  4966 I appium  : method: 'xpath', selector: '/hierarchy/android.widget.FrameLayout/android.widget.LinearLayout/android.widget.FrameLayout/android.widget.LinearLayout/android.widget.FrameLayout/android.view.ViewGroup/android.view.ViewGroup/android.view.ViewGroup[2]/android.widget.EditText[1]', contextId: ''"}
{"timestamp":1618842264203,"level":"ALL","message":"04-19 11:24:23.870  4942  4966 I appium  : Waiting up to 10000ms for the device to idle"}
{"timestamp":1618842264203,"level":"ALL","message":"04-19 11:24:23.871  4942  4966 I appium  : The following attributes will be included to the page source: []"}
{"timestamp":1618842264211,"level":"ALL","message":"04-19 11:24:23.879  4942  4966 I appium  : Took 0ms to retrieve 0 matches for '/hierarchy/android.widget.FrameLayout/android.widget.LinearLayout/android.widget.FrameLayout/android.widget.LinearLayout/android.widget.FrameLayout/android.view.ViewGroup/android.view.ViewGroup/android.view.ViewGroup[2]/android.widget.EditText[1]' XPath query"}
{"timestamp":1618842264211,"level":"ALL","message":"04-19 11:24:23.880  4942  4966 I appium  : AppiumResponse: {\"sessionId\":\"d1f5a7c3-342c-4232-a5d7-45f95e7c7cca\",\"value\":[]}"}
{"timestamp":1618842264423,"level":"ALL","message":"04-19 11:24:24.088  4942  4966 I appium  : channel read: POST /wd/hub/session/d1f5a7c3-342c-4232-a5d7-45f95e7c7cca/elements"}
{"timestamp":1618842264423,"level":"ALL","message":"04-19 11:24:24.089  4942  4966 I appium  : FindElements command"}
{"timestamp":1618842264423,"level":"ALL","message":"04-19 11:24:24.089  4942  4966 I appium  : method: 'xpath', selector: '/hierarchy/android.widget.FrameLayout/android.widget.LinearLayout/android.widget.FrameLayout/android.widget.LinearLayout/android.widget.FrameLayout/android.view.ViewGroup/android.view.ViewGroup/android.view.ViewGroup[2]/android.widget.EditText[1]', contextId: ''"}
{"timestamp":1618842264423,"level":"ALL","message":"04-19 11:24:24.089  4942  4966 I appium  : Waiting up to 10000ms for the device to idle"}
{"timestamp":1618842264423,"level":"ALL","message":"04-19 11:24:24.090  4942  4966 I appium  : The following attributes will be included to the page source: []"}
{"timestamp":1618842264431,"level":"ALL","message":"04-19 11:24:24.099  4942  4966 I appium  : Took 1ms to retrieve 0 matches for '/hierarchy/android.widget.FrameLayout/android.widget.LinearLayout/android.widget.FrameLayout/android.widget.LinearLayout/android.widget.FrameLayout/android.view.ViewGroup/android.view.ViewGroup/android.view.ViewGroup[2]/android.widget.EditText[1]' XPath query"}
{"timestamp":1618842264433,"level":"ALL","message":"04-19 11:24:24.100  4942  4966 I appium  : AppiumResponse: {\"sessionId\":\"d1f5a7c3-342c-4232-a5d7-45f95e7c7cca\",\"value\":[]}"}
{"timestamp":1618842264646,"level":"ALL","message":"04-19 11:24:24.314  4942  4966 I appium  : channel read: POST /wd/hub/session/d1f5a7c3-342c-4232-a5d7-45f95e7c7cca/elements"}
{"timestamp":1618842264646,"level":"ALL","message":"04-19 11:24:24.314  4942  4966 I appium  : FindElements command"}
{"timestamp":1618842264646,"level":"ALL","message":"04-19 11:24:24.314  4942  4966 I appium  : method: 'xpath', selector: '/hierarchy/android.widget.FrameLayout/android.widget.LinearLayout/android.widget.FrameLayout/android.widget.LinearLayout/android.widget.FrameLayout/android.view.ViewGroup/android.view.ViewGroup/android.view.ViewGroup[2]/android.widget.EditText[1]', contextId: ''"}
{"timestamp":1618842264646,"level":"ALL","message":"04-19 11:24:24.314  4942  4966 I appium  : Waiting up to 10000ms for the device to idle"}
{"timestamp":1618842264648,"level":"ALL","message":"04-19 11:24:24.316  4942  4966 I appium  : The following attributes will be included to the page source: []"}
{"timestamp":1618842264654,"level":"ALL","message":"04-19 11:24:24.322  4942  4966 I appium  : Took 0ms to retrieve 0 matches for '/hierarchy/android.widget.FrameLayout/android.widget.LinearLayout/android.widget.FrameLayout/android.widget.LinearLayout/android.widget.FrameLayout/android.view.ViewGroup/android.view.ViewGroup/android.view.ViewGroup[2]/android.widget.EditText[1]' XPath query"}
{"timestamp":1618842264655,"level":"ALL","message":"04-19 11:24:24.322  4942  4966 I appium  : AppiumResponse: {\"sessionId\":\"d1f5a7c3-342c-4232-a5d7-45f95e7c7cca\",\"value\":[]}"}
{"timestamp":1618842264665,"level":"ALL","message":"04-19 11:24:24.332  4942  4966 I appium  : channel read: GET /wd/hub/session/d1f5a7c3-342c-4232-a5d7-45f95e7c7cca/screenshot"}
{"timestamp":1618842264666,"level":"ALL","message":"04-19 11:24:24.333  4942  4966 I appium  : CaptureScreenshot command"}
{"timestamp":1618842264705,"level":"ALL","message":"04-19 11:24:24.370  1347  1872 E SurfaceFlinger: ro.sf.lcd_density must be defined as a build property"}
{"timestamp":1618842264712,"level":"ALL","message":"04-19 11:24:24.374  1347  1790 D gralloc_ranchu: gralloc_alloc: Creating ashmem region of size 14745600"}
{"timestamp":1618842264718,"level":"ALL","message":"04-19 11:24:24.385  5047  5047 D         : HostConnection::get() New Host Connection established 0xb3b9b2c0, tid 5047"}
{"timestamp":1618842265012,"level":"ALL","message":"04-19 11:24:24.680  4942  4966 I appium  : AppiumResponse: {\"sessionId\":\"d1f5a7c3-342c-4232-a5d7-45f95e7c7cca\",\"value\":\"iVBORw0KGgoAAAANSUhEUgAABaAAAAoACAYAAABH9IXPAAAABHNCSVQICAgIfAhkiAAAIABJREFU\\neJzs3XtwV+WdP/BPEnLjGhBBEDCKoFIuEYuKWomrVunakrq9Wbc12l0d7UXc7nZn7Fix7Wxb211g\\nup3t2mnF2e7autsVqzvValeoYgUFAl5QruEeIoSEW2IC5PeHP7KEXAk5+Ybk9ZphyDnnOc/5fDnh\\nn3eef…"}
{"timestamp":1618842265032,"level":"ALL","message":"04-19 11:24:24.700  4942  4966 I appium  : channel read: GET /wd/hub/session/d1f5a7c3-342c-4232-a5d7-45f95e7c7cca/source"}
{"timestamp":1618842265032,"level":"ALL","message":"04-19 11:24:24.700  4942  4966 I appium  : Source command"}
{"timestamp":1618842265032,"level":"ALL","message":"04-19 11:24:24.700  4942  4966 I appium  : Waiting up to 10000ms for the device to idle"}
{"timestamp":1618842265048,"level":"ALL","message":"04-19 11:24:24.716  4942  4966 I appium  : AppiumResponse: {\"sessionId\":\"d1f5a7c3-342c-4232-a5d7-45f95e7c7cca\",\"value\":\"<?xml version='1.0' encoding='UTF-8' standalone='yes' ?>\\r\\n<hierarchy index=\\\"0\\\" class=\\\"hierarchy\\\" rotation=\\\"0\\\" width=\\\"1440\\\" height=\\\"2392\\\">\\r\\n  <android.widget.FrameLayout index=\\\"0\\\" package=\\\"org.nativescript.angularapp\\\" clas…"}